"../../../Engine/Plugins/Animation/ACLPlugin/Content/ACLAnimCurveCompressionSettings.uasset" 0
"../../../Engine/Plugins/Animation/ACLPlugin/Content/ACLAnimCurveCompressionSettings.uexp" 1
"../../../Engine/Plugins/Animation/ACLPlugin/Content/ACLAnimBoneCompressionSettings.uasset" 2
"../../../Engine/Plugins/Animation/ACLPlugin/Content/ACLAnimBoneCompressionSettings.uexp" 3
"../../../Engine/Plugins/2D/Paper2D/Content/PlaceholderTextures/DummySpriteTexture.ubulk" 4
"../../../Engine/Plugins/2D/Paper2D/Content/PlaceholderTextures/DummySpriteTexture.uasset" 5
"../../../Engine/Plugins/2D/Paper2D/Content/PlaceholderTextures/DummySpriteTexture.uexp" 6
"../../../Engine/Plugins/2D/Paper2D/Content/DummySprite.uasset" 7
"../../../Engine/Plugins/2D/Paper2D/Content/DummySprite.uexp" 8
"../../../Engine/Plugins/2D/Paper2D/Content/DefaultPaperTerrainMaterial.uasset" 9
"../../../Engine/Plugins/2D/Paper2D/Content/DefaultPaperTerrainMaterial.uexp" 10
"../../../Engine/Plugins/Animation/ControlRig/Content/Controls/DefaultGizmoLibraryNormalized.uasset" 11
"../../../Engine/Plugins/Animation/ControlRig/Content/Controls/DefaultGizmoLibraryNormalized.uexp" 12
"../../../Engine/Content/EngineSounds/Master.uasset" 13
"../../../Engine/Content/EngineSounds/Master.uexp" 14
"../../../Engine/Content/EngineMaterials/DefaultPhysicalMaterial.uasset" 15
"../../../Engine/Content/EngineMaterials/DefaultPhysicalMaterial.uexp" 16
"../../../Engine/Content/EngineMaterials/DefaultDestructiblePhysicalMaterial.uasset" 17
"../../../Engine/Content/EngineMaterials/DefaultDestructiblePhysicalMaterial.uexp" 18
"../../../Engine/Content/EngineFonts/Faces/RobotoLight.uexp" 19
"../../../Engine/Content/EngineFonts/Faces/RobotoLight.uasset" 20
"../../../Engine/Content/EngineFonts/Faces/RobotoLight.ufont" 21
"../../../Engine/Content/EngineFonts/Faces/RobotoBold.uexp" 22
"../../../Engine/Content/EngineFonts/Faces/RobotoBold.uasset" 23
"../../../Engine/Content/EngineFonts/Faces/RobotoBold.ufont" 24
"../../../Engine/Content/EngineFonts/Faces/RobotoRegular.uexp" 25
"../../../Engine/Content/EngineFonts/Faces/RobotoRegular.uasset" 26
"../../../Engine/Content/EngineFonts/Faces/RobotoRegular.ufont" 27
"../../../Engine/Content/EngineFonts/Faces/DroidSansFallback.uexp" 28
"../../../Engine/Content/EngineFonts/Faces/DroidSansFallback.uasset" 29
"../../../Engine/Content/EngineFonts/Faces/DroidSansFallback.ufont" 30
"../../../Engine/Content/EngineFonts/Faces/RobotoItalic.uexp" 31
"../../../Engine/Content/EngineFonts/Faces/RobotoItalic.uasset" 32
"../../../Engine/Content/EngineFonts/Faces/RobotoItalic.ufont" 33
"../../../Engine/Content/EngineFonts/Faces/RobotoBoldItalic.uexp" 34
"../../../Engine/Content/EngineFonts/Faces/RobotoBoldItalic.uasset" 35
"../../../Engine/Content/EngineFonts/Faces/RobotoBoldItalic.ufont" 36
"../../../Engine/Content/EngineFonts/Roboto.uasset" 37
"../../../Engine/Content/EngineFonts/Roboto.uexp" 38
"../../../Engine/Content/MobileResources/HUD/VirtualJoystick_Background.uasset" 39
"../../../Engine/Content/MobileResources/HUD/VirtualJoystick_Background.uexp" 40
"../../../Engine/Content/MobileResources/HUD/VirtualJoystick_Thumb.uasset" 41
"../../../Engine/Content/MobileResources/HUD/VirtualJoystick_Thumb.uexp" 42
"E:/UE/Test1/Content/FirstPerson/Input/MobileControls.uasset" 43
"E:/UE/Test1/Content/FirstPerson/Input/MobileControls.uexp" 44
"../../../Engine/Content/EditorResources/S_Actor.ubulk" 45
"../../../Engine/Content/EditorResources/S_Actor.uasset" 46
"../../../Engine/Content/EditorResources/S_Actor.uexp" 47
"../../../Engine/Plugins/Runtime/AudioWidgets/Content/Resources/ScrubHandleDown_Clamped.uasset" 48
"../../../Engine/Plugins/Runtime/AudioWidgets/Content/Resources/ScrubHandleDown_Clamped.uexp" 49
"../../../Engine/Content/EngineResources/GradientTexture0.uasset" 50
"../../../Engine/Content/EngineResources/GradientTexture0.uexp" 51
"../../../Engine/Content/EngineResources/DefaultTexture.ubulk" 52
"../../../Engine/Content/EngineResources/DefaultTexture.uasset" 53
"../../../Engine/Content/EngineResources/DefaultTexture.uexp" 54
"../../../Engine/Content/EngineResources/Black.uasset" 55
"../../../Engine/Content/EngineResources/Black.uexp" 56
"../../../Engine/Content/EngineMaterials/PreintegratedSkinBRDF.uasset" 57
"../../../Engine/Content/EngineMaterials/PreintegratedSkinBRDF.uexp" 58
"../../../Engine/Content/EngineMaterials/MiniFont.uasset" 59
"../../../Engine/Content/EngineMaterials/MiniFont.uexp" 60
"../../../Engine/Content/EngineMaterials/FastBlueNoise_vec2_128x128x64.uasset" 61
"../../../Engine/Content/EngineMaterials/FastBlueNoise_vec2_128x128x64.uexp" 62
"../../../Engine/Content/EngineMaterials/FastBlueNoise_scalar_128x128x64.uasset" 63
"../../../Engine/Content/EngineMaterials/FastBlueNoise_scalar_128x128x64.uexp" 64
"../../../Engine/Content/EngineMaterials/DefaultWhiteGrid.ubulk" 65
"../../../Engine/Content/EngineMaterials/DefaultWhiteGrid.uasset" 66
"../../../Engine/Content/EngineMaterials/DefaultWhiteGrid.uexp" 67
"../../../Engine/Content/EngineMaterials/DefaultBokeh.uasset" 68
"../../../Engine/Content/EngineMaterials/DefaultBokeh.uexp" 69
"../../../Engine/Content/EngineMaterials/DefaultBloomKernel.uasset" 70
"../../../Engine/Content/EngineMaterials/DefaultBloomKernel.uexp" 71
"../../../Engine/Content/EngineDamageTypes/DmgTypeBP_Environmental.uasset" 72
"../../../Engine/Content/EngineDamageTypes/DmgTypeBP_Environmental.uexp" 73
"../../../Engine/Content/EditorResources/S_TriggerSphere.uasset" 74
"../../../Engine/Content/EditorResources/S_TriggerSphere.uexp" 75
"../../../Engine/Content/EditorResources/S_TriggerCapsule.uasset" 76
"../../../Engine/Content/EditorResources/S_TriggerCapsule.uexp" 77
"../../../Engine/Content/EditorResources/S_TriggerBox.uasset" 78
"../../../Engine/Content/EditorResources/S_TriggerBox.uexp" 79
"../../../Engine/Content/EditorResources/S_Trigger.ubulk" 80
"../../../Engine/Content/EditorResources/S_Trigger.uasset" 81
"../../../Engine/Content/EditorResources/S_Trigger.uexp" 82
"../../../Engine/Content/EditorResources/S_Terrain.ubulk" 83
"../../../Engine/Content/EditorResources/S_Terrain.uasset" 84
"../../../Engine/Content/EditorResources/S_Terrain.uexp" 85
"../../../Engine/Content/EditorResources/S_Solver.ubulk" 86
"../../../Engine/Content/EditorResources/S_Solver.uasset" 87
"../../../Engine/Content/EditorResources/S_Solver.uexp" 88
"../../../Engine/Content/EditorResources/S_BoxReflectionCapture.uasset" 89
"../../../Engine/Content/EditorResources/S_BoxReflectionCapture.uexp" 90
"../../../Engine/Content/EditorResources/EmptyActor.uasset" 91
"../../../Engine/Content/EditorResources/EmptyActor.uexp" 92
"../../../Engine/Content/EditorResources/BSPVertex.uasset" 93
"../../../Engine/Content/EditorResources/BSPVertex.uexp" 94
"../../../Engine/Content/EditorLandscapeResources/DefaultAlphaTexture.uasset" 95
"../../../Engine/Content/EditorLandscapeResources/DefaultAlphaTexture.uexp" 96
"../../../Engine/Content/EngineResources/FilmGrains/Marcie_Grain_v3_128_M2_000.uasset" 97
"../../../Engine/Content/EngineResources/FilmGrains/Marcie_Grain_v3_128_M2_000.uexp" 98
"../../../Engine/Content/EngineMaterials/LTC/Sheen_LTC.uasset" 99
"../../../Engine/Content/EngineMaterials/LTC/Sheen_LTC.uexp" 100
"../../../Engine/Content/EngineMaterials/LTC/GGX_LTCMat.uasset" 101
"../../../Engine/Content/EngineMaterials/LTC/GGX_LTCMat.uexp" 102
"../../../Engine/Content/EngineMaterials/LTC/GGX_LTCAmp.uasset" 103
"../../../Engine/Content/EngineMaterials/LTC/GGX_LTCAmp.uexp" 104
"../../../Engine/Content/EngineMaterials/EnergyConservation/Sheen_Energy.uasset" 105
"../../../Engine/Content/EngineMaterials/EnergyConservation/Sheen_Energy.uexp" 106
"../../../Engine/Content/EngineMaterials/EnergyConservation/SheenLegacy_Energy.uasset" 107
"../../../Engine/Content/EngineMaterials/EnergyConservation/SheenLegacy_Energy.uexp" 108
"../../../Engine/Content/EngineMaterials/EnergyConservation/GGX_TransmissionEnergyArray.uasset" 109
"../../../Engine/Content/EngineMaterials/EnergyConservation/GGX_TransmissionEnergyArray.uexp" 110
"../../../Engine/Content/EngineMaterials/EnergyConservation/GGX_ReflectionEnergy.uasset" 111
"../../../Engine/Content/EngineMaterials/EnergyConservation/GGX_ReflectionEnergy.uexp" 112
"../../../Engine/Content/EngineMaterials/EnergyConservation/Diffuse_Energy.uasset" 113
"../../../Engine/Content/EngineMaterials/EnergyConservation/Diffuse_Energy.uexp" 114
"../../../Engine/Content/EditorResources/SequenceRecorder/RecordingIndicator.uasset" 115
"../../../Engine/Content/EditorResources/SequenceRecorder/RecordingIndicator.uexp" 116
"../../../Engine/Content/EditorResources/SequenceRecorder/Countdown.uasset" 117
"../../../Engine/Content/EditorResources/SequenceRecorder/Countdown.uexp" 118
"../../../Engine/Content/EditorMaterials/ParticleSystems/PSysThumbnail_OOD.ubulk" 119
"../../../Engine/Content/EditorMaterials/ParticleSystems/PSysThumbnail_OOD.uasset" 120
"../../../Engine/Content/EditorMaterials/ParticleSystems/PSysThumbnail_OOD.uexp" 121
"../../../Engine/Content/EditorMaterials/ParticleSystems/PSysThumbnail_NoImage.ubulk" 122
"../../../Engine/Content/EditorMaterials/ParticleSystems/PSysThumbnail_NoImage.uasset" 123
"../../../Engine/Content/EditorMaterials/ParticleSystems/PSysThumbnail_NoImage.uexp" 124
"E:/UE/Test1/Content/FirstPerson/Input/Actions/IA_Shoot.uasset" 125
"E:/UE/Test1/Content/FirstPerson/Input/Actions/IA_Shoot.uexp" 126
"E:/UE/Test1/Content/FirstPerson/Input/IMC_Weapons.uasset" 127
"E:/UE/Test1/Content/FirstPerson/Input/IMC_Weapons.uexp" 128
"E:/UE/Test1/Content/FPWeapon/Mesh/SK_FPGun_Skeleton.uasset" 129
"E:/UE/Test1/Content/FPWeapon/Mesh/SK_FPGun_Skeleton.uexp" 130
"E:/UE/Test1/Content/FPWeapon/Materials/MaterialLayers/T_ML_Rubber_Blue_01_D.ubulk" 131
"E:/UE/Test1/Content/FPWeapon/Materials/MaterialLayers/T_ML_Rubber_Blue_01_D.uasset" 132
"E:/UE/Test1/Content/FPWeapon/Materials/MaterialLayers/T_ML_Rubber_Blue_01_D.uexp" 133
"E:/UE/Test1/Content/FPWeapon/Textures/T_FPGun_N.ubulk" 134
"E:/UE/Test1/Content/FPWeapon/Textures/T_FPGun_N.uasset" 135
"E:/UE/Test1/Content/FPWeapon/Textures/T_FPGun_N.uexp" 136
"../../../Engine/Content/Functions/Engine_MaterialFunctions02/Utility/BlendAngleCorrectedNormals.uasset" 137
"../../../Engine/Content/Functions/Engine_MaterialFunctions02/Utility/BlendAngleCorrectedNormals.uexp" 138
"../../../Engine/Content/Functions/MaterialLayerFunctions/MatLayerBlend_NormalBlend.uasset" 139
"../../../Engine/Content/Functions/MaterialLayerFunctions/MatLayerBlend_NormalBlend.uexp" 140
"E:/UE/Test1/Content/FPWeapon/Materials/MaterialLayers/T_ML_Rubber_Blue_01_N.ubulk" 141
"E:/UE/Test1/Content/FPWeapon/Materials/MaterialLayers/T_ML_Rubber_Blue_01_N.uasset" 142
"E:/UE/Test1/Content/FPWeapon/Materials/MaterialLayers/T_ML_Rubber_Blue_01_N.uexp" 143
"E:/UE/Test1/Content/FPWeapon/Materials/MaterialLayers/ML_Screen.uasset" 144
"E:/UE/Test1/Content/FPWeapon/Materials/MaterialLayers/ML_Screen.uexp" 145
"E:/UE/Test1/Content/FPWeapon/Materials/MaterialLayers/T_ML_Aluminum01_N.ubulk" 146
"E:/UE/Test1/Content/FPWeapon/Materials/MaterialLayers/T_ML_Aluminum01_N.uasset" 147
"E:/UE/Test1/Content/FPWeapon/Materials/MaterialLayers/T_ML_Aluminum01_N.uexp" 148
"E:/UE/Test1/Content/FPWeapon/Materials/MaterialLayers/T_ML_Aluminum01.ubulk" 149
"E:/UE/Test1/Content/FPWeapon/Materials/MaterialLayers/T_ML_Aluminum01.uasset" 150
"E:/UE/Test1/Content/FPWeapon/Materials/MaterialLayers/T_ML_Aluminum01.uexp" 151
"E:/UE/Test1/Content/FPWeapon/Materials/MaterialLayers/ML_SoftMetal_UE4.uasset" 152
"E:/UE/Test1/Content/FPWeapon/Materials/MaterialLayers/ML_SoftMetal_UE4.uexp" 153
"../../../Engine/Content/Functions/MaterialLayerFunctions/MatLayerBlend_Simple.uasset" 154
"../../../Engine/Content/Functions/MaterialLayerFunctions/MatLayerBlend_Simple.uexp" 155
"E:/UE/Test1/Content/FPWeapon/Textures/T_FPGun_M.ubulk" 156
"E:/UE/Test1/Content/FPWeapon/Textures/T_FPGun_M.uasset" 157
"E:/UE/Test1/Content/FPWeapon/Textures/T_FPGun_M.uexp" 158
"E:/UE/Test1/Content/FPWeapon/Materials/MaterialLayers/ML_Plastic_Shiny_Beige.uasset" 159
"E:/UE/Test1/Content/FPWeapon/Materials/MaterialLayers/ML_Plastic_Shiny_Beige.uexp" 160
"E:/UE/Test1/Content/FPWeapon/Materials/MaterialLayers/ML_GlossyBlack_Latex_UE4.uasset" 161
"E:/UE/Test1/Content/FPWeapon/Materials/MaterialLayers/ML_GlossyBlack_Latex_UE4.uexp" 162
"E:/UE/Test1/Content/FPWeapon/Materials/M_FPGun.uasset" 163
"E:/UE/Test1/Content/FPWeapon/Materials/M_FPGun.uexp" 164
"E:/UE/Test1/Content/FPWeapon/Mesh/SK_FPGun_Physics.uasset" 165
"E:/UE/Test1/Content/FPWeapon/Mesh/SK_FPGun_Physics.uexp" 166
"E:/UE/Test1/Content/FPWeapon/Mesh/SK_FPGun.uasset" 167
"E:/UE/Test1/Content/FPWeapon/Mesh/SK_FPGun.uexp" 168
"E:/UE/Test1/Content/FPWeapon/Audio/FirstPersonTemplateWeaponFire02.ubulk" 169
"E:/UE/Test1/Content/FPWeapon/Audio/FirstPersonTemplateWeaponFire02.uasset" 170
"E:/UE/Test1/Content/FPWeapon/Audio/FirstPersonTemplateWeaponFire02.uexp" 171
"E:/UE/Test1/Content/FPWeapon/Materials/BaseMaterial.uasset" 172
"E:/UE/Test1/Content/FPWeapon/Materials/BaseMaterial.uexp" 173
"E:/UE/Test1/Content/FPWeapon/Materials/FirstPersonProjectileMaterial.uasset" 174
"E:/UE/Test1/Content/FPWeapon/Materials/FirstPersonProjectileMaterial.uexp" 175
"E:/UE/Test1/Content/FPWeapon/Mesh/FirstPersonProjectileMesh.ubulk" 176
"E:/UE/Test1/Content/FPWeapon/Mesh/FirstPersonProjectileMesh.uasset" 177
"E:/UE/Test1/Content/FPWeapon/Mesh/FirstPersonProjectileMesh.uexp" 178
"E:/UE/Test1/Content/FirstPerson/Blueprints/BP_FirstPersonProjectile.uasset" 179
"E:/UE/Test1/Content/FirstPerson/Blueprints/BP_FirstPersonProjectile.uexp" 180
"../../../Engine/Content/Animation/DefaultAnimCurveCompressionSettings.uasset" 181
"../../../Engine/Content/Animation/DefaultAnimCurveCompressionSettings.uexp" 182
"../../../Engine/Content/Animation/DefaultAnimBoneCompressionSettings.uasset" 183
"../../../Engine/Content/Animation/DefaultAnimBoneCompressionSettings.uexp" 184
"E:/UE/Test1/Content/FirstPersonArms/Character/Mesh/SK_Mannequin_Arms_Skeleton.uasset" 185
"E:/UE/Test1/Content/FirstPersonArms/Character/Mesh/SK_Mannequin_Arms_Skeleton.uexp" 186
"E:/UE/Test1/Content/FirstPersonArms/Animations/FP_Rifle_Fire.uasset" 187
"E:/UE/Test1/Content/FirstPersonArms/Animations/FP_Rifle_Fire.m.ubulk" 188
"E:/UE/Test1/Content/FirstPersonArms/Animations/FP_Rifle_Fire.uexp" 189
"E:/UE/Test1/Content/FirstPersonArms/Animations/FP_Rifle_Shoot_Montage.uasset" 190
"E:/UE/Test1/Content/FirstPersonArms/Animations/FP_Rifle_Shoot_Montage.uexp" 191
"E:/UE/Test1/Content/FirstPersonArms/Animations/FP_Rifle_Idle.uasset" 192
"E:/UE/Test1/Content/FirstPersonArms/Animations/FP_Rifle_Idle.m.ubulk" 193
"E:/UE/Test1/Content/FirstPersonArms/Animations/FP_Rifle_Idle.uexp" 194
"E:/UE/Test1/Content/FirstPersonArms/Animations/FP_Rifle_Land.uasset" 195
"E:/UE/Test1/Content/FirstPersonArms/Animations/FP_Rifle_Land.m.ubulk" 196
"E:/UE/Test1/Content/FirstPersonArms/Animations/FP_Rifle_Land.uexp" 197
"E:/UE/Test1/Content/FirstPersonArms/Animations/FP_Rifle_Run.uasset" 198
"E:/UE/Test1/Content/FirstPersonArms/Animations/FP_Rifle_Run.m.ubulk" 199
"E:/UE/Test1/Content/FirstPersonArms/Animations/FP_Rifle_Run.uexp" 200
"E:/UE/Test1/Content/FirstPersonArms/Animations/FP_Rifle_Falling.uasset" 201
"E:/UE/Test1/Content/FirstPersonArms/Animations/FP_Rifle_Falling.m.ubulk" 202
"E:/UE/Test1/Content/FirstPersonArms/Animations/FP_Rifle_Falling.uexp" 203
"../../../Engine/Content/Animation/DefaultRecorderBoneCompression.uasset" 204
"../../../Engine/Content/Animation/DefaultRecorderBoneCompression.uexp" 205
"E:/UE/Test1/Content/FirstPersonArms/Animations/FP_Idle.uasset" 206
"E:/UE/Test1/Content/FirstPersonArms/Animations/FP_Idle.m.ubulk" 207
"E:/UE/Test1/Content/FirstPersonArms/Animations/FP_Idle.uexp" 208
"E:/UE/Test1/Content/FirstPersonArms/Animations/FP_Jump.uasset" 209
"E:/UE/Test1/Content/FirstPersonArms/Animations/FP_Jump.m.ubulk" 210
"E:/UE/Test1/Content/FirstPersonArms/Animations/FP_Jump.uexp" 211
"E:/UE/Test1/Content/FirstPersonArms/Animations/FP_Run_Fwd.uasset" 212
"E:/UE/Test1/Content/FirstPersonArms/Animations/FP_Run_Fwd.m.ubulk" 213
"E:/UE/Test1/Content/FirstPersonArms/Animations/FP_Run_Fwd.uexp" 214
"E:/UE/Test1/Content/FirstPersonArms/Animations/FP_Land.uasset" 215
"E:/UE/Test1/Content/FirstPersonArms/Animations/FP_Land.m.ubulk" 216
"E:/UE/Test1/Content/FirstPersonArms/Animations/FP_Land.uexp" 217
"E:/UE/Test1/Content/FirstPersonArms/Animations/FP_Falling.uasset" 218
"E:/UE/Test1/Content/FirstPersonArms/Animations/FP_Falling.m.ubulk" 219
"E:/UE/Test1/Content/FirstPersonArms/Animations/FP_Falling.uexp" 220
"../../../Engine/Content/Animation/DefaultVariableFrameStrippingSettings.uasset" 221
"../../../Engine/Content/Animation/DefaultVariableFrameStrippingSettings.uexp" 222
"E:/UE/Test1/Content/FirstPersonArms/Animations/FP_Rifle_Jump.uasset" 223
"E:/UE/Test1/Content/FirstPersonArms/Animations/FP_Rifle_Jump.m.ubulk" 224
"E:/UE/Test1/Content/FirstPersonArms/Animations/FP_Rifle_Jump.uexp" 225
"../../../Engine/Content/EditorBlueprintResources/StandardMacros.uasset" 226
"../../../Engine/Content/EditorBlueprintResources/StandardMacros.uexp" 227
"E:/UE/Test1/Content/FirstPerson/Input/Actions/IA_Look.uasset" 228
"E:/UE/Test1/Content/FirstPerson/Input/Actions/IA_Look.uexp" 229
"E:/UE/Test1/Content/FirstPersonArms/Character/Textures/Manny/T_Manny_02_N.ubulk" 230
"E:/UE/Test1/Content/FirstPersonArms/Character/Textures/Manny/T_Manny_02_N.uasset" 231
"E:/UE/Test1/Content/FirstPersonArms/Character/Textures/Manny/T_Manny_02_N.uexp" 232
"E:/UE/Test1/Content/FirstPersonArms/Character/Textures/Manny/T_Manny_02_BN.ubulk" 233
"E:/UE/Test1/Content/FirstPersonArms/Character/Textures/Manny/T_Manny_02_BN.uasset" 234
"E:/UE/Test1/Content/FirstPersonArms/Character/Textures/Manny/T_Manny_02_BN.uexp" 235
"E:/UE/Test1/Content/FirstPersonArms/Character/Textures/Manny/T_Manny_02_ASAOPMASK_MSK.ubulk" 236
"E:/UE/Test1/Content/FirstPersonArms/Character/Textures/Manny/T_Manny_02_ASAOPMASK_MSK.uasset" 237
"E:/UE/Test1/Content/FirstPersonArms/Character/Textures/Manny/T_Manny_02_ASAOPMASK_MSK.uexp" 238
"E:/UE/Test1/Content/FirstPersonArms/Character/Textures/Manny/T_Manny_01_ASAOPMASK_MSK.ubulk" 239
"E:/UE/Test1/Content/FirstPersonArms/Character/Textures/Manny/T_Manny_01_ASAOPMASK_MSK.uasset" 240
"E:/UE/Test1/Content/FirstPersonArms/Character/Textures/Manny/T_Manny_01_ASAOPMASK_MSK.uexp" 241
"E:/UE/Test1/Content/FirstPersonArms/Character/Textures/Manny/T_Manny_01_CCRCCPlastic_MSK.ubulk" 242
"E:/UE/Test1/Content/FirstPersonArms/Character/Textures/Manny/T_Manny_01_CCRCCPlastic_MSK.uasset" 243
"E:/UE/Test1/Content/FirstPersonArms/Character/Textures/Manny/T_Manny_01_CCRCCPlastic_MSK.uexp" 244
"E:/UE/Test1/Content/FirstPersonArms/Character/Textures/Manny/T_Manny_01_Tan.ubulk" 245
"E:/UE/Test1/Content/FirstPersonArms/Character/Textures/Manny/T_Manny_01_Tan.uasset" 246
"E:/UE/Test1/Content/FirstPersonArms/Character/Textures/Manny/T_Manny_01_Tan.uexp" 247
"E:/UE/Test1/Content/FirstPersonArms/Character/Textures/Manny/T_Manny_01_BN.ubulk" 248
"E:/UE/Test1/Content/FirstPersonArms/Character/Textures/Manny/T_Manny_01_BN.uasset" 249
"E:/UE/Test1/Content/FirstPersonArms/Character/Textures/Manny/T_Manny_01_BN.uexp" 250
"E:/UE/Test1/Content/FirstPersonArms/Character/Textures/Manny/T_Manny_01_MSR_MSK.ubulk" 251
"E:/UE/Test1/Content/FirstPersonArms/Character/Textures/Manny/T_Manny_01_MSR_MSK.uasset" 252
"E:/UE/Test1/Content/FirstPersonArms/Character/Textures/Manny/T_Manny_01_MSR_MSK.uexp" 253
"E:/UE/Test1/Content/FirstPersonArms/Character/Textures/Manny/T_Manny_01_N.ubulk" 254
"E:/UE/Test1/Content/FirstPersonArms/Character/Textures/Manny/T_Manny_01_N.uasset" 255
"E:/UE/Test1/Content/FirstPersonArms/Character/Textures/Manny/T_Manny_01_N.uexp" 256
"E:/UE/Test1/Content/FirstPersonArms/Character/Textures/Manny/T_Manny_01_D.ubulk" 257
"E:/UE/Test1/Content/FirstPersonArms/Character/Textures/Manny/T_Manny_01_D.uasset" 258
"E:/UE/Test1/Content/FirstPersonArms/Character/Textures/Manny/T_Manny_01_D.uexp" 259
"E:/UE/Test1/Content/FirstPersonArms/Character/Materials/Functions/ChromaticCurve.uasset" 260
"E:/UE/Test1/Content/FirstPersonArms/Character/Materials/Functions/ChromaticCurve.uexp" 261
"E:/UE/Test1/Content/FirstPersonArms/Character/Materials/Functions/CA_Mannequin.uasset" 262
"E:/UE/Test1/Content/FirstPersonArms/Character/Materials/Functions/CA_Mannequin.uexp" 263
"E:/UE/Test1/Content/FirstPersonArms/Character/Materials/Functions/MF_Diffraction.uasset" 264
"E:/UE/Test1/Content/FirstPersonArms/Character/Materials/Functions/MF_Diffraction.uexp" 265
"../../../Engine/Content/Functions/Engine_MaterialFunctions02/Utility/BreakOutFloat2Components.uasset" 266
"../../../Engine/Content/Functions/Engine_MaterialFunctions02/Utility/BreakOutFloat2Components.uexp" 267
"../../../Engine/Content/Functions/Engine_MaterialFunctions01/Texturing/ScaleUVsByCenter.uasset" 268
"../../../Engine/Content/Functions/Engine_MaterialFunctions01/Texturing/ScaleUVsByCenter.uexp" 269
"E:/UE/Test1/Content/FirstPersonArms/Character/Textures/Shared/T_UE_Logo_M.uasset" 270
"E:/UE/Test1/Content/FirstPersonArms/Character/Textures/Shared/T_UE_Logo_M.uexp" 271
"E:/UE/Test1/Content/FirstPersonArms/Character/Materials/Functions/MF_logo3layers.uasset" 272
"E:/UE/Test1/Content/FirstPersonArms/Character/Materials/Functions/MF_logo3layers.uexp" 273
"E:/UE/Test1/Content/FirstPersonArms/Character/Materials/Functions/ML_BaseColorFallOff.uasset" 274
"E:/UE/Test1/Content/FirstPersonArms/Character/Materials/Functions/ML_BaseColorFallOff.uexp" 275
"E:/UE/Test1/Content/FirstPersonArms/Character/Materials/M_Mannequin.uasset" 276
"E:/UE/Test1/Content/FirstPersonArms/Character/Materials/M_Mannequin.uexp" 277
"E:/UE/Test1/Content/FirstPersonArms/Character/Materials/Instances/Manny/MI_Manny_01.uasset" 278
"E:/UE/Test1/Content/FirstPersonArms/Character/Materials/Instances/Manny/MI_Manny_01.uexp" 279
"E:/UE/Test1/Content/FirstPersonArms/Character/Textures/Manny/T_Manny_02_CCRCCPlastic_MSK.ubulk" 280
"E:/UE/Test1/Content/FirstPersonArms/Character/Textures/Manny/T_Manny_02_CCRCCPlastic_MSK.uasset" 281
"E:/UE/Test1/Content/FirstPersonArms/Character/Textures/Manny/T_Manny_02_CCRCCPlastic_MSK.uexp" 282
"E:/UE/Test1/Content/FirstPersonArms/Character/Textures/Manny/T_Manny_02_MSR_MSK.ubulk" 283
"E:/UE/Test1/Content/FirstPersonArms/Character/Textures/Manny/T_Manny_02_MSR_MSK.uasset" 284
"E:/UE/Test1/Content/FirstPersonArms/Character/Textures/Manny/T_Manny_02_MSR_MSK.uexp" 285
"E:/UE/Test1/Content/FirstPersonArms/Character/Textures/Manny/T_Manny_02_D.ubulk" 286
"E:/UE/Test1/Content/FirstPersonArms/Character/Textures/Manny/T_Manny_02_D.uasset" 287
"E:/UE/Test1/Content/FirstPersonArms/Character/Textures/Manny/T_Manny_02_D.uexp" 288
"E:/UE/Test1/Content/FirstPersonArms/Character/Textures/Manny/T_Manny_02_Tan.ubulk" 289
"E:/UE/Test1/Content/FirstPersonArms/Character/Textures/Manny/T_Manny_02_Tan.uasset" 290
"E:/UE/Test1/Content/FirstPersonArms/Character/Textures/Manny/T_Manny_02_Tan.uexp" 291
"E:/UE/Test1/Content/FirstPersonArms/Character/Materials/Instances/Manny/MI_Manny_02.uasset" 292
"E:/UE/Test1/Content/FirstPersonArms/Character/Materials/Instances/Manny/MI_Manny_02.uexp" 293
"E:/UE/Test1/Content/FirstPersonArms/Character/Mesh/SK_Mannequin_Arms_PhysicsAsset.uasset" 294
"E:/UE/Test1/Content/FirstPersonArms/Character/Mesh/SK_Mannequin_Arms_PhysicsAsset.uexp" 295
"E:/UE/Test1/Content/FirstPersonArms/Character/Mesh/SK_Mannequin_Arms.uasset" 296
"E:/UE/Test1/Content/FirstPersonArms/Character/Mesh/SK_Mannequin_Arms.uexp" 297
"E:/UE/Test1/Content/FirstPerson/Input/Actions/IA_Move.uasset" 298
"E:/UE/Test1/Content/FirstPerson/Input/Actions/IA_Move.uexp" 299
"E:/UE/Test1/Content/FirstPerson/Input/Actions/IA_Jump.uasset" 300
"E:/UE/Test1/Content/FirstPerson/Input/Actions/IA_Jump.uexp" 301
"E:/UE/Test1/Content/FirstPerson/Input/IMC_Default.uasset" 302
"E:/UE/Test1/Content/FirstPerson/Input/IMC_Default.uexp" 303
"E:/UE/Test1/Content/FirstPerson/Blueprints/BP_FirstPersonCharacter.uasset" 304
"E:/UE/Test1/Content/FirstPerson/Blueprints/BP_FirstPersonCharacter.uexp" 305
"E:/UE/Test1/Content/FirstPersonArms/Animations/FirstPerson_AnimBP.uasset" 306
"E:/UE/Test1/Content/FirstPersonArms/Animations/FirstPerson_AnimBP.uexp" 307
"E:/UE/Test1/Content/FirstPerson/Blueprints/BP_PickUp_Rifle.uasset" 308
"E:/UE/Test1/Content/FirstPerson/Blueprints/BP_PickUp_Rifle.uexp" 309
"../../../Engine/Content/EngineResources/DefaultTextureCube.uasset" 310
"../../../Engine/Content/EngineResources/DefaultTextureCube.uexp" 311
"../../../Engine/Content/EngineResources/DefaultVolumeTexture2D.uasset" 312
"../../../Engine/Content/EngineResources/DefaultVolumeTexture2D.uexp" 313
"../../../Engine/Content/EngineResources/DefaultVolumeTexture.uasset" 314
"../../../Engine/Content/EngineResources/DefaultVolumeTexture.uexp" 315
"../../../Engine/Plugins/Interchange/Assets/Content/Functions/MX_UsdPreviewSurface.uasset" 316
"../../../Engine/Plugins/Interchange/Assets/Content/Functions/MX_UsdPreviewSurface.uexp" 317
"../../../Engine/Plugins/Interchange/Assets/Content/Functions/MX_UniformEDF.uasset" 318
"../../../Engine/Plugins/Interchange/Assets/Content/Functions/MX_UniformEDF.uexp" 319
"../../../Engine/Plugins/Interchange/Assets/Content/Functions/MX_TranslucentBSDF.uasset" 320
"../../../Engine/Plugins/Interchange/Assets/Content/Functions/MX_TranslucentBSDF.uexp" 321
"../../../Engine/Plugins/Interchange/Assets/Content/Functions/MX_ThinFilmBSDF.uasset" 322
"../../../Engine/Plugins/Interchange/Assets/Content/Functions/MX_ThinFilmBSDF.uexp" 323
"../../../Engine/Plugins/Interchange/Assets/Content/Functions/MX_SurfaceUnlit.uasset" 324
"../../../Engine/Plugins/Interchange/Assets/Content/Functions/MX_SurfaceUnlit.uexp" 325
"../../../Engine/Plugins/Interchange/Assets/Content/Functions/MX_Surface.uasset" 326
"../../../Engine/Plugins/Interchange/Assets/Content/Functions/MX_Surface.uexp" 327
"../../../Engine/Plugins/Interchange/Assets/Content/Functions/MX_SubsurfaceBSDF.uasset" 328
"../../../Engine/Plugins/Interchange/Assets/Content/Functions/MX_SubsurfaceBSDF.uexp" 329
"../../../Engine/Plugins/Interchange/Assets/Content/Functions/MX_SheenBSDF.uasset" 330
"../../../Engine/Plugins/Interchange/Assets/Content/Functions/MX_SheenBSDF.uexp" 331
"../../../Engine/Plugins/Interchange/Assets/Content/Functions/MX_OrenNayarBSDF.uasset" 332
"../../../Engine/Plugins/Interchange/Assets/Content/Functions/MX_OrenNayarBSDF.uexp" 333
"../../../Engine/Plugins/Interchange/Assets/Content/Utilities/New_LUT.uasset" 334
"../../../Engine/Plugins/Interchange/Assets/Content/Utilities/New_LUT.uexp" 335
"../../../Engine/Content/Functions/Engine_MaterialFunctions03/Math/RemapValueRange.uasset" 336
"../../../Engine/Content/Functions/Engine_MaterialFunctions03/Math/RemapValueRange.uexp" 337
"../../../Engine/Plugins/Interchange/Assets/Content/Functions/MF_Iridescence.uasset" 338
"../../../Engine/Plugins/Interchange/Assets/Content/Functions/MF_Iridescence.uexp" 339
"../../../Engine/Plugins/Interchange/Assets/Content/Functions/MX_StandardSurface.uasset" 340
"../../../Engine/Plugins/Interchange/Assets/Content/Functions/MX_StandardSurface.uexp" 341
"../../../Engine/Plugins/Interchange/Assets/Content/Functions/MX_TransmissionSurface.uasset" 342
"../../../Engine/Plugins/Interchange/Assets/Content/Functions/MX_TransmissionSurface.uexp" 343
"../../../Engine/Plugins/Interchange/Assets/Content/Functions/MX_OpenPBR_Translucent.uasset" 344
"../../../Engine/Plugins/Interchange/Assets/Content/Functions/MX_OpenPBR_Translucent.uexp" 345
"../../../Engine/Plugins/Interchange/Assets/Content/Functions/MX_OpenPBR_Opaque.uasset" 346
"../../../Engine/Plugins/Interchange/Assets/Content/Functions/MX_OpenPBR_Opaque.uexp" 347
"../../../Engine/Plugins/Interchange/Assets/Content/Functions/MX_MeasuredEDF.uasset" 348
"../../../Engine/Plugins/Interchange/Assets/Content/Functions/MX_MeasuredEDF.uexp" 349
"../../../Engine/Plugins/Interchange/Assets/Content/Functions/MX_GeneralizedSchlickBSDF.uasset" 350
"../../../Engine/Plugins/Interchange/Assets/Content/Functions/MX_GeneralizedSchlickBSDF.uexp" 351
"../../../Engine/Plugins/Interchange/Assets/Content/Functions/MX_DielectricBSDF.uasset" 352
"../../../Engine/Plugins/Interchange/Assets/Content/Functions/MX_DielectricBSDF.uexp" 353
"../../../Engine/Plugins/Interchange/Assets/Content/Functions/MX_ConicalEDF.uasset" 354
"../../../Engine/Plugins/Interchange/Assets/Content/Functions/MX_ConicalEDF.uexp" 355
"../../../Engine/Plugins/Interchange/Assets/Content/Functions/MX_ConductorBSDF.uasset" 356
"../../../Engine/Plugins/Interchange/Assets/Content/Functions/MX_ConductorBSDF.uexp" 357
"../../../Engine/Plugins/Interchange/Assets/Content/Functions/MX_BurleyDiffuseBSDF.uasset" 358
"../../../Engine/Plugins/Interchange/Assets/Content/Functions/MX_BurleyDiffuseBSDF.uexp" 359
"../../../Engine/Plugins/Interchange/Assets/Content/Functions/MX_AnisotropicVDF.uasset" 360
"../../../Engine/Plugins/Interchange/Assets/Content/Functions/MX_AnisotropicVDF.uexp" 361
"../../../Engine/Plugins/Interchange/Assets/Content/Functions/MX_AbsorptionVDF.uasset" 362
"../../../Engine/Plugins/Interchange/Assets/Content/Functions/MX_AbsorptionVDF.uexp" 363
"../../../Engine/Content/Functions/Engine_MaterialFunctions01/Shading/PowerToRoughness.uasset" 364
"../../../Engine/Content/Functions/Engine_MaterialFunctions01/Shading/PowerToRoughness.uexp" 365
"../../../Engine/Content/Functions/Engine_MaterialFunctions01/Shading/ConvertFromDiffSpec.uasset" 366
"../../../Engine/Content/Functions/Engine_MaterialFunctions01/Shading/ConvertFromDiffSpec.uexp" 367
"../../../Engine/Content/EngineMaterials/Substrate/Volume/SubstrateSimpleVolumeLUT3D.uasset" 368
"../../../Engine/Content/EngineMaterials/Substrate/Volume/SubstrateSimpleVolumeLUT3D.uexp" 369
"../../../Engine/Content/EngineMaterials/Substrate/Volume/SubstrateSimpleVolumeEnvLUT3D.uasset" 370
"../../../Engine/Content/EngineMaterials/Substrate/Volume/SubstrateSimpleVolumeEnvLUT3D.uexp" 371
"../../../Engine/Content/BasicShapes/BasicShapeMaterial.uasset" 372
"../../../Engine/Content/BasicShapes/BasicShapeMaterial.uexp" 373
"../../../Engine/Content/EditorMaterials/PhAT_NoCollisionMaterial.uasset" 374
"../../../Engine/Content/EditorMaterials/PhAT_NoCollisionMaterial.uexp" 375
"../../../Engine/Content/EditorMaterials/PhAT_UnselectedMaterial.uasset" 376
"../../../Engine/Content/EditorMaterials/PhAT_UnselectedMaterial.uexp" 377
"../../../Engine/Content/EditorMaterials/PreviewShadowIndicator.ubulk" 378
"../../../Engine/Content/EditorMaterials/PreviewShadowIndicator.uasset" 379
"../../../Engine/Content/EditorMaterials/PreviewShadowIndicator.uexp" 380
"../../../Engine/Content/EditorMaterials/PreviewShadowIndicatorMaterial.uasset" 381
"../../../Engine/Content/EditorMaterials/PreviewShadowIndicatorMaterial.uexp" 382
"../../../Engine/Content/EngineDebugMaterials/DebugEditorMaterial.uasset" 383
"../../../Engine/Content/EngineDebugMaterials/DebugEditorMaterial.uexp" 384
"../../../Engine/Content/EngineDebugMaterials/DebugMeshMaterial.uasset" 385
"../../../Engine/Content/EngineDebugMaterials/DebugMeshMaterial.uexp" 386
"../../../Engine/Content/EngineDebugMaterials/M_SimpleUnlitTranslucent.uasset" 387
"../../../Engine/Content/EngineDebugMaterials/M_SimpleUnlitTranslucent.uexp" 388
"../../../Engine/Content/Functions/Engine_MaterialFunctions02/Utility/CameraDirectionVector.uasset" 389
"../../../Engine/Content/Functions/Engine_MaterialFunctions02/Utility/CameraDirectionVector.uexp" 390
"../../../Engine/Content/EngineDebugMaterials/VolumeToRender.uasset" 391
"../../../Engine/Content/EngineDebugMaterials/VolumeToRender.uexp" 392
"../../../Engine/Content/EngineDebugMaterials/M_VolumeRenderSphereTracePP.uasset" 393
"../../../Engine/Content/EngineDebugMaterials/M_VolumeRenderSphereTracePP.uexp" 394
"../../../Engine/Content/EngineMaterials/DefaultDiffuse.ubulk" 395
"../../../Engine/Content/EngineMaterials/DefaultDiffuse.uasset" 396
"../../../Engine/Content/EngineMaterials/DefaultDiffuse.uexp" 397
"../../../Engine/Content/EngineMaterials/DefaultDeferredDecalMaterial.uasset" 398
"../../../Engine/Content/EngineMaterials/DefaultDeferredDecalMaterial.uexp" 399
"../../../Engine/Content/EngineMaterials/DefaultLightFunctionMaterial.uasset" 400
"../../../Engine/Content/EngineMaterials/DefaultLightFunctionMaterial.uexp" 401
"../../../Engine/Content/EngineMaterials/DefaultPostProcessMaterial.uasset" 402
"../../../Engine/Content/EngineMaterials/DefaultPostProcessMaterial.uexp" 403
"../../../Engine/Content/EngineFonts/RobotoDistanceField.uasset" 404
"../../../Engine/Content/EngineFonts/RobotoDistanceField.uexp" 405
"../../../Engine/Content/EngineMaterials/DefaultTextMaterialOpaque.uasset" 406
"../../../Engine/Content/EngineMaterials/DefaultTextMaterialOpaque.uexp" 407
"../../../Engine/Content/EngineMaterials/DefaultWhiteGrid_Low.uasset" 408
"../../../Engine/Content/EngineMaterials/DefaultWhiteGrid_Low.uexp" 409
"../../../Engine/Content/EngineMaterials/EmissiveMeshMaterial.uasset" 410
"../../../Engine/Content/EngineMaterials/EmissiveMeshMaterial.uexp" 411
"../../../Engine/Content/EngineMaterials/BaseFlattenNormalMap.uasset" 412
"../../../Engine/Content/EngineMaterials/BaseFlattenNormalMap.uexp" 413
"../../../Engine/Content/EngineMaterials/BaseFlattenGrayscaleMap.uasset" 414
"../../../Engine/Content/EngineMaterials/BaseFlattenGrayscaleMap.uexp" 415
"../../../Engine/Content/EngineMaterials/BaseFlattenDiffuseMap.uasset" 416
"../../../Engine/Content/EngineMaterials/BaseFlattenDiffuseMap.uexp" 417
"../../../Engine/Content/Functions/Engine_MaterialFunctions02/PivotPainter2/Black_1x1_EXR_Texture.uasset" 418
"../../../Engine/Content/Functions/Engine_MaterialFunctions02/PivotPainter2/Black_1x1_EXR_Texture.uexp" 419
"../../../Engine/Content/EngineMaterials/BaseFlattenEmissiveMap.uasset" 420
"../../../Engine/Content/EngineMaterials/BaseFlattenEmissiveMap.uexp" 421
"../../../Engine/Content/EngineMaterials/BaseFlattenLinearColor.uasset" 422
"../../../Engine/Content/EngineMaterials/BaseFlattenLinearColor.uexp" 423
"../../../Engine/Content/EngineMaterials/FlattenMaterial.uasset" 424
"../../../Engine/Content/EngineMaterials/FlattenMaterial.uexp" 425
"../../../Engine/Content/EngineMaterials/BaseFlattenEmissiveMap_VT.uasset" 426
"../../../Engine/Content/EngineMaterials/BaseFlattenEmissiveMap_VT.uexp" 427
"../../../Engine/Content/EngineMaterials/BaseFlattenGrayscaleMap_VT.uasset" 428
"../../../Engine/Content/EngineMaterials/BaseFlattenGrayscaleMap_VT.uexp" 429
"../../../Engine/Content/EngineMaterials/BaseFlattenLinearColor_VT.uasset" 430
"../../../Engine/Content/EngineMaterials/BaseFlattenLinearColor_VT.uexp" 431
"../../../Engine/Content/EngineMaterials/Black_1x1_EXR_Texture_VT.uasset" 432
"../../../Engine/Content/EngineMaterials/Black_1x1_EXR_Texture_VT.uexp" 433
"../../../Engine/Content/EngineMaterials/BaseFlattenDiffuseMap_VT.uasset" 434
"../../../Engine/Content/EngineMaterials/BaseFlattenDiffuseMap_VT.uexp" 435
"../../../Engine/Content/EngineMaterials/BaseFlattenNormalMap_VT.uasset" 436
"../../../Engine/Content/EngineMaterials/BaseFlattenNormalMap_VT.uexp" 437
"../../../Engine/Content/EngineMaterials/FlattenMaterial_VT.uasset" 438
"../../../Engine/Content/EngineMaterials/FlattenMaterial_VT.uexp" 439
"../../../Engine/Content/EngineMaterials/FlattenMaterial_WS_Normal_VT.uasset" 440
"../../../Engine/Content/EngineMaterials/FlattenMaterial_WS_Normal_VT.uexp" 441
"../../../Engine/Content/EngineMaterials/GizmoMaterial.uasset" 442
"../../../Engine/Content/EngineMaterials/GizmoMaterial.uexp" 443
"../../../Engine/Content/EngineMaterials/InvalidLightmapSettings.ubulk" 444
"../../../Engine/Content/EngineMaterials/InvalidLightmapSettings.uasset" 445
"../../../Engine/Content/EngineMaterials/InvalidLightmapSettings.uexp" 446
"../../../Engine/Content/EngineMaterials/M_InvalidLightmapSettings.uasset" 447
"../../../Engine/Content/EngineMaterials/M_InvalidLightmapSettings.uexp" 448
"../../../Engine/Content/EngineMaterials/NaniteHiddenSectionMaterial.uasset" 449
"../../../Engine/Content/EngineMaterials/NaniteHiddenSectionMaterial.uexp" 450
"../../../Engine/Content/Functions/Engine_MaterialFunctions02/WorldPositionOffset/CameraOffset.uasset" 451
"../../../Engine/Content/Functions/Engine_MaterialFunctions02/WorldPositionOffset/CameraOffset.uexp" 452
"../../../Engine/Content/EngineMaterials/PhAT_JointLimitMaterial.uasset" 453
"../../../Engine/Content/EngineMaterials/PhAT_JointLimitMaterial.uexp" 454
"../../../Engine/Content/EngineMaterials/DefaultCalibrationColor.uasset" 455
"../../../Engine/Content/EngineMaterials/DefaultCalibrationColor.uexp" 456
"../../../Engine/Content/EngineMaterials/PPM_DefaultCalibrationColor.uasset" 457
"../../../Engine/Content/EngineMaterials/PPM_DefaultCalibrationColor.uexp" 458
"../../../Engine/Content/EngineMaterials/DefaultCalibrationGrayscale.uasset" 459
"../../../Engine/Content/EngineMaterials/DefaultCalibrationGrayscale.uexp" 460
"../../../Engine/Content/EngineMaterials/PPM_DefaultCalibrationGrayscale.uasset" 461
"../../../Engine/Content/EngineMaterials/PPM_DefaultCalibrationGrayscale.uexp" 462
"../../../Engine/Content/EngineMaterials/RemoveSurfaceMaterial.uasset" 463
"../../../Engine/Content/EngineMaterials/RemoveSurfaceMaterial.uexp" 464
"../../../Engine/Plugins/Animation/ControlRig/Content/Controls/ControlRigGizmoMaterial.uasset" 465
"../../../Engine/Plugins/Animation/ControlRig/Content/Controls/ControlRigGizmoMaterial.uexp" 466
"../../../Engine/Plugins/Animation/ControlRig/Content/Controls/ControlRigXRayMaterial.uasset" 467
"../../../Engine/Plugins/Animation/ControlRig/Content/Controls/ControlRigXRayMaterial.uexp" 468
"../../../Engine/Plugins/Editor/SpeedTreeImporter/Content/SpeedTree9/game_wind_noise.ubulk" 469
"../../../Engine/Plugins/Editor/SpeedTreeImporter/Content/SpeedTree9/game_wind_noise.uasset" 470
"../../../Engine/Plugins/Editor/SpeedTreeImporter/Content/SpeedTree9/game_wind_noise.uexp" 471
"../../../Engine/Plugins/Editor/SpeedTreeImporter/Content/SpeedTree9/UnpackDirection.uasset" 472
"../../../Engine/Plugins/Editor/SpeedTreeImporter/Content/SpeedTree9/UnpackDirection.uexp" 473
"../../../Engine/Content/Functions/Engine_MaterialFunctions02/ObjectLocalBounds.uasset" 474
"../../../Engine/Content/Functions/Engine_MaterialFunctions02/ObjectLocalBounds.uexp" 475
"../../../Engine/Content/Functions/Engine_MaterialFunctions02/Utility/BreakOutFloat3Components.uasset" 476
"../../../Engine/Content/Functions/Engine_MaterialFunctions02/Utility/BreakOutFloat3Components.uexp" 477
"../../../Engine/Content/Functions/Engine_MaterialFunctions02/UVs/BoundingBoxBased_0-1_UVW.uasset" 478
"../../../Engine/Content/Functions/Engine_MaterialFunctions02/UVs/BoundingBoxBased_0-1_UVW.uexp" 479
"../../../Engine/Plugins/Editor/SpeedTreeImporter/Content/SpeedTree9/SpeedTreeBillboard.uasset" 480
"../../../Engine/Plugins/Editor/SpeedTreeImporter/Content/SpeedTree9/SpeedTreeBillboard.uexp" 481
"../../../Engine/Content/Functions/Engine_MaterialFunctions02/Utility/VectorLength.uasset" 482
"../../../Engine/Content/Functions/Engine_MaterialFunctions02/Utility/VectorLength.uexp" 483
"../../../Engine/Plugins/Editor/SpeedTreeImporter/Content/SpeedTree9/UnpackInteger3.uasset" 484
"../../../Engine/Plugins/Editor/SpeedTreeImporter/Content/SpeedTree9/UnpackInteger3.uexp" 485
"../../../Engine/Content/Functions/Engine_MaterialFunctions02/WorldPositionOffset/ObjectScale.uasset" 486
"../../../Engine/Content/Functions/Engine_MaterialFunctions02/WorldPositionOffset/ObjectScale.uexp" 487
"../../../Engine/Content/Functions/Engine_MaterialFunctions02/SafeNormalize.uasset" 488
"../../../Engine/Content/Functions/Engine_MaterialFunctions02/SafeNormalize.uexp" 489
"../../../Engine/Plugins/Editor/SpeedTreeImporter/Content/SpeedTree9/SpeedTreeWindMotion.uasset" 490
"../../../Engine/Plugins/Editor/SpeedTreeImporter/Content/SpeedTree9/SpeedTreeWindMotion.uexp" 491
"../../../Engine/Plugins/Editor/SpeedTreeImporter/Content/SpeedTree9/SpeedTreeBranchMotion.uasset" 492
"../../../Engine/Plugins/Editor/SpeedTreeImporter/Content/SpeedTree9/SpeedTreeBranchMotion.uexp" 493
"../../../Engine/Plugins/Editor/SpeedTreeImporter/Content/SpeedTree9/SpeedTreeWind.uasset" 494
"../../../Engine/Plugins/Editor/SpeedTreeImporter/Content/SpeedTree9/SpeedTreeWind.uexp" 495
"../../../Engine/Plugins/Editor/SpeedTreeImporter/Content/SpeedTree9/EmptyNormal.uasset" 496
"../../../Engine/Plugins/Editor/SpeedTreeImporter/Content/SpeedTree9/EmptyNormal.uexp" 497
"../../../Engine/Plugins/Editor/SpeedTreeImporter/Content/SpeedTree9/Empty.uasset" 498
"../../../Engine/Plugins/Editor/SpeedTreeImporter/Content/SpeedTree9/Empty.uexp" 499
"../../../Engine/Plugins/Editor/SpeedTreeImporter/Content/SpeedTree9/SpeedTreeBillboardMaster.uasset" 500
"../../../Engine/Plugins/Editor/SpeedTreeImporter/Content/SpeedTree9/SpeedTreeBillboardMaster.uexp" 501
"../../../Engine/Plugins/Editor/SpeedTreeImporter/Content/SpeedTree9/SpeedTreeCameraFacing.uasset" 502
"../../../Engine/Plugins/Editor/SpeedTreeImporter/Content/SpeedTree9/SpeedTreeCameraFacing.uexp" 503
"../../../Engine/Plugins/Editor/SpeedTreeImporter/Content/SpeedTree9/SpeedTreeMaster.uasset" 504
"../../../Engine/Plugins/Editor/SpeedTreeImporter/Content/SpeedTree9/SpeedTreeMaster.uexp" 505
"../../../Engine/Plugins/Runtime/HairStrands/Content/Materials/HairCardsDefaultMaterial.uasset" 506
"../../../Engine/Plugins/Runtime/HairStrands/Content/Materials/HairCardsDefaultMaterial.uexp" 507
"../../../Engine/Plugins/Runtime/HairStrands/Content/Materials/HairGroupColors.uasset" 508
"../../../Engine/Plugins/Runtime/HairStrands/Content/Materials/HairGroupColors.uexp" 509
"../../../Engine/Content/Functions/Engine_MaterialFunctions02/Utility/MakeFloat2.uasset" 510
"../../../Engine/Content/Functions/Engine_MaterialFunctions02/Utility/MakeFloat2.uexp" 511
"../../../Engine/Content/Functions/Engine_MaterialFunctions02/Utility/MakeFloat3.uasset" 512
"../../../Engine/Content/Functions/Engine_MaterialFunctions02/Utility/MakeFloat3.uexp" 513
"../../../Engine/Content/EngineMaterials/HairColorMap.uasset" 514
"../../../Engine/Content/EngineMaterials/HairColorMap.uexp" 515
"../../../Engine/Content/EngineMaterials/HairDebugColor.uasset" 516
"../../../Engine/Content/EngineMaterials/HairDebugColor.uexp" 517
"../../../Engine/Plugins/Runtime/HairStrands/Content/Materials/HairDebugMaterial.uasset" 518
"../../../Engine/Plugins/Runtime/HairStrands/Content/Materials/HairDebugMaterial.uexp" 519
"../../../Engine/Plugins/Runtime/HairStrands/Content/Materials/HairDefaultMaterial.uasset" 520
"../../../Engine/Plugins/Runtime/HairStrands/Content/Materials/HairDefaultMaterial.uexp" 521
"../../../Engine/Plugins/Runtime/HairStrands/Content/Materials/HairMeshesDefaultMaterial.uasset" 522
"../../../Engine/Plugins/Runtime/HairStrands/Content/Materials/HairMeshesDefaultMaterial.uexp" 523
"../../../Engine/Plugins/Runtime/MeshModelingToolset/Content/Materials/M_DynamicMeshComponentVtxColor.uasset" 524
"../../../Engine/Plugins/Runtime/MeshModelingToolset/Content/Materials/M_DynamicMeshComponentVtxColor.uexp" 525
"../../../Engine/Plugins/Animation/ControlRig/Content/M_Manip.uasset" 526
"../../../Engine/Plugins/Animation/ControlRig/Content/M_Manip.uexp" 527
"../../../Engine/Content/EditorMaterials/Dataflow/DataflowVertexMaterial.uasset" 528
"../../../Engine/Content/EditorMaterials/Dataflow/DataflowVertexMaterial.uexp" 529
"../../../Engine/Content/EditorMaterials/Dataflow/DataflowTwoSidedVertexMaterial.uasset" 530
"../../../Engine/Content/EditorMaterials/Dataflow/DataflowTwoSidedVertexMaterial.uexp" 531
"../../../Engine/Content/EngineMeshes/Sphere.ubulk" 532
"../../../Engine/Content/EngineMeshes/Sphere.uasset" 533
"../../../Engine/Content/EngineMeshes/Sphere.uexp" 534
"../../../Engine/Content/EngineMaterials/T_Default_Material_Grid_M.ubulk" 535
"../../../Engine/Content/EngineMaterials/T_Default_Material_Grid_M.uasset" 536
"../../../Engine/Content/EngineMaterials/T_Default_Material_Grid_M.uexp" 537
"../../../Engine/Content/EngineMaterials/T_Default_Material_Grid_N.ubulk" 538
"../../../Engine/Content/EngineMaterials/T_Default_Material_Grid_N.uasset" 539
"../../../Engine/Content/EngineMaterials/T_Default_Material_Grid_N.uexp" 540
"../../../Engine/Content/Functions/Engine_MaterialFunctions01/Opacity/CameraDepthFade.uasset" 541
"../../../Engine/Content/Functions/Engine_MaterialFunctions01/Opacity/CameraDepthFade.uexp" 542
"../../../Engine/Content/EngineMaterials/WorldGridMaterial.uasset" 543
"../../../Engine/Content/EngineMaterials/WorldGridMaterial.uexp" 544
"../../../Engine/Plugins/Media/MediaPlate/Content/SM_MediaPlateScreen.ubulk" 545
"../../../Engine/Plugins/Media/MediaPlate/Content/SM_MediaPlateScreen.uasset" 546
"../../../Engine/Plugins/Media/MediaPlate/Content/SM_MediaPlateScreen.uexp" 547
"../../../Engine/Plugins/2D/Paper2D/Content/DefaultSpriteMaterial.uasset" 548
"../../../Engine/Plugins/2D/Paper2D/Content/DefaultSpriteMaterial.uexp" 549
"../../../Engine/Plugins/2D/Paper2D/Content/OpaqueUnlitSpriteMaterial.uasset" 550
"../../../Engine/Plugins/2D/Paper2D/Content/OpaqueUnlitSpriteMaterial.uexp" 551
"../../../Engine/Plugins/2D/Paper2D/Content/MaskedUnlitSpriteMaterial.uasset" 552
"../../../Engine/Plugins/2D/Paper2D/Content/MaskedUnlitSpriteMaterial.uexp" 553
"../../../Engine/Content/Functions/Engine_MaterialFunctions02/Texturing/CustomRotator.uasset" 554
"../../../Engine/Content/Functions/Engine_MaterialFunctions02/Texturing/CustomRotator.uexp" 555
"../../../Engine/Plugins/Runtime/AudioWidgets/Content/AudioMaterialSlate/Functions/MF_SingleLine_Smooth.uasset" 556
"../../../Engine/Plugins/Runtime/AudioWidgets/Content/AudioMaterialSlate/Functions/MF_SingleLine_Smooth.uexp" 557
"../../../Engine/Plugins/Runtime/AudioWidgets/Content/AudioMaterialSlate/Functions/MF_AngleGradient.uasset" 558
"../../../Engine/Plugins/Runtime/AudioWidgets/Content/AudioMaterialSlate/Functions/MF_AngleGradient.uexp" 559
"../../../Engine/Plugins/Runtime/AudioWidgets/Content/AudioMaterialSlate/Functions/MF_SingleLine.uasset" 560
"../../../Engine/Plugins/Runtime/AudioWidgets/Content/AudioMaterialSlate/Functions/MF_SingleLine.uexp" 561
"../../../Engine/Content/Functions/Engine_MaterialFunctions01/Gradient/SphereGradient-2D.uasset" 562
"../../../Engine/Content/Functions/Engine_MaterialFunctions01/Gradient/SphereGradient-2D.uexp" 563
"../../../Engine/Plugins/Runtime/AudioWidgets/Content/AudioMaterialSlate/M_AudioMaterialToggleButton.uasset" 564
"../../../Engine/Plugins/Runtime/AudioWidgets/Content/AudioMaterialSlate/M_AudioMaterialToggleButton.uexp" 565
"../../../Engine/Plugins/Runtime/AudioWidgets/Content/AudioMaterialSlate/MI_AudioMaterialToggleButton.uasset" 566
"../../../Engine/Plugins/Runtime/AudioWidgets/Content/AudioMaterialSlate/MI_AudioMaterialToggleButton.uexp" 567
"../../../Engine/Content/Functions/Engine_MaterialFunctions01/Gradient/GeneratedRoundRect.uasset" 568
"../../../Engine/Content/Functions/Engine_MaterialFunctions01/Gradient/GeneratedRoundRect.uexp" 569
"../../../Engine/Plugins/Runtime/AudioWidgets/Content/AudioMaterialSlate/M_AudioMaterialRoundedSlider.uasset" 570
"../../../Engine/Plugins/Runtime/AudioWidgets/Content/AudioMaterialSlate/M_AudioMaterialRoundedSlider.uexp" 571
"../../../Engine/Plugins/Runtime/AudioWidgets/Content/AudioMaterialSlate/MI_AudioMaterialRoundedSlider.uasset" 572
"../../../Engine/Plugins/Runtime/AudioWidgets/Content/AudioMaterialSlate/MI_AudioMaterialRoundedSlider.uexp" 573
"../../../Engine/Plugins/Runtime/AudioWidgets/Content/AudioMaterialSlate/Functions/MF_Lines.uasset" 574
"../../../Engine/Plugins/Runtime/AudioWidgets/Content/AudioMaterialSlate/Functions/MF_Lines.uexp" 575
"../../../Engine/Content/Functions/Engine_MaterialFunctions02/Lerp_3Color.uasset" 576
"../../../Engine/Content/Functions/Engine_MaterialFunctions02/Lerp_3Color.uexp" 577
"../../../Engine/Plugins/Runtime/AudioWidgets/Content/AudioMaterialSlate/M_AudioMaterialMeter.uasset" 578
"../../../Engine/Plugins/Runtime/AudioWidgets/Content/AudioMaterialSlate/M_AudioMaterialMeter.uexp" 579
"../../../Engine/Plugins/Runtime/AudioWidgets/Content/AudioMaterialSlate/MI_AudioMaterialMeter.uasset" 580
"../../../Engine/Plugins/Runtime/AudioWidgets/Content/AudioMaterialSlate/MI_AudioMaterialMeter.uexp" 581
"../../../Engine/Plugins/Runtime/AudioWidgets/Content/AudioMaterialSlate/M_AudioMaterialKnob.uasset" 582
"../../../Engine/Plugins/Runtime/AudioWidgets/Content/AudioMaterialSlate/M_AudioMaterialKnob.uexp" 583
"../../../Engine/Plugins/Runtime/AudioWidgets/Content/AudioMaterialSlate/MI_AudioMaterialKnob.uasset" 584
"../../../Engine/Plugins/Runtime/AudioWidgets/Content/AudioMaterialSlate/MI_AudioMaterialKnob.uexp" 585
"../../../Engine/Plugins/Runtime/AudioWidgets/Content/AudioMaterialSlate/Functions/MF_DotOutlined.uasset" 586
"../../../Engine/Plugins/Runtime/AudioWidgets/Content/AudioMaterialSlate/Functions/MF_DotOutlined.uexp" 587
"../../../Engine/Plugins/Runtime/AudioWidgets/Content/AudioMaterialSlate/M_AudioMaterialEnvelope_ADSR.uasset" 588
"../../../Engine/Plugins/Runtime/AudioWidgets/Content/AudioMaterialSlate/M_AudioMaterialEnvelope_ADSR.uexp" 589
"../../../Engine/Plugins/Runtime/AudioWidgets/Content/AudioMaterialSlate/MI_AudioMaterialEnvelope_ADSR.uasset" 590
"../../../Engine/Plugins/Runtime/AudioWidgets/Content/AudioMaterialSlate/MI_AudioMaterialEnvelope_ADSR.uexp" 591
"../../../Engine/Plugins/Animation/ControlRig/Content/Controls/ControlRig_Wedge_solid.ubulk" 592
"../../../Engine/Plugins/Animation/ControlRig/Content/Controls/ControlRig_Wedge_solid.uasset" 593
"../../../Engine/Plugins/Animation/ControlRig/Content/Controls/ControlRig_Wedge_solid.uexp" 594
"../../../Engine/Plugins/Animation/ControlRig/Content/Controls/ControlRig_Wedge_3mm.ubulk" 595
"../../../Engine/Plugins/Animation/ControlRig/Content/Controls/ControlRig_Wedge_3mm.uasset" 596
"../../../Engine/Plugins/Animation/ControlRig/Content/Controls/ControlRig_Wedge_3mm.uexp" 597
"../../../Engine/Plugins/Animation/ControlRig/Content/Controls/ControlRig_Wedge_1mm.ubulk" 598
"../../../Engine/Plugins/Animation/ControlRig/Content/Controls/ControlRig_Wedge_1mm.uasset" 599
"../../../Engine/Plugins/Animation/ControlRig/Content/Controls/ControlRig_Wedge_1mm.uexp" 600
"../../../Engine/Plugins/Animation/ControlRig/Content/Controls/ControlRig_Triangle_solid.ubulk" 601
"../../../Engine/Plugins/Animation/ControlRig/Content/Controls/ControlRig_Triangle_solid.uasset" 602
"../../../Engine/Plugins/Animation/ControlRig/Content/Controls/ControlRig_Triangle_solid.uexp" 603
"../../../Engine/Plugins/Animation/ControlRig/Content/Controls/ControlRig_Triangle_3mm.ubulk" 604
"../../../Engine/Plugins/Animation/ControlRig/Content/Controls/ControlRig_Triangle_3mm.uasset" 605
"../../../Engine/Plugins/Animation/ControlRig/Content/Controls/ControlRig_Triangle_3mm.uexp" 606
"../../../Engine/Plugins/Animation/ControlRig/Content/Controls/ControlRig_Triangle_1mm.ubulk" 607
"../../../Engine/Plugins/Animation/ControlRig/Content/Controls/ControlRig_Triangle_1mm.uasset" 608
"../../../Engine/Plugins/Animation/ControlRig/Content/Controls/ControlRig_Triangle_1mm.uexp" 609
"../../../Engine/Plugins/Animation/ControlRig/Content/Controls/ControlRig_Star4_solid.ubulk" 610
"../../../Engine/Plugins/Animation/ControlRig/Content/Controls/ControlRig_Star4_solid.uasset" 611
"../../../Engine/Plugins/Animation/ControlRig/Content/Controls/ControlRig_Star4_solid.uexp" 612
"../../../Engine/Plugins/Animation/ControlRig/Content/Controls/ControlRig_Star4_3mm.ubulk" 613
"../../../Engine/Plugins/Animation/ControlRig/Content/Controls/ControlRig_Star4_3mm.uasset" 614
"../../../Engine/Plugins/Animation/ControlRig/Content/Controls/ControlRig_Star4_3mm.uexp" 615
"../../../Engine/Plugins/Animation/ControlRig/Content/Controls/ControlRig_Star4_1mm.ubulk" 616
"../../../Engine/Plugins/Animation/ControlRig/Content/Controls/ControlRig_Star4_1mm.uasset" 617
"../../../Engine/Plugins/Animation/ControlRig/Content/Controls/ControlRig_Star4_1mm.uexp" 618
"../../../Engine/Plugins/Animation/ControlRig/Content/Controls/ControlRig_Square_solid.ubulk" 619
"../../../Engine/Plugins/Animation/ControlRig/Content/Controls/ControlRig_Square_solid.uasset" 620
"../../../Engine/Plugins/Animation/ControlRig/Content/Controls/ControlRig_Square_solid.uexp" 621
"../../../Engine/Plugins/Animation/ControlRig/Content/Controls/ControlRig_Square_3mm.ubulk" 622
"../../../Engine/Plugins/Animation/ControlRig/Content/Controls/ControlRig_Square_3mm.uasset" 623
"../../../Engine/Plugins/Animation/ControlRig/Content/Controls/ControlRig_Square_3mm.uexp" 624
"../../../Engine/Plugins/Animation/ControlRig/Content/Controls/ControlRig_Square_1mm.ubulk" 625
"../../../Engine/Plugins/Animation/ControlRig/Content/Controls/ControlRig_Square_1mm.uasset" 626
"../../../Engine/Plugins/Animation/ControlRig/Content/Controls/ControlRig_Square_1mm.uexp" 627
"../../../Engine/Plugins/Animation/ControlRig/Content/Controls/ControlRig_Sphere_solid.ubulk" 628
"../../../Engine/Plugins/Animation/ControlRig/Content/Controls/ControlRig_Sphere_solid.uasset" 629
"../../../Engine/Plugins/Animation/ControlRig/Content/Controls/ControlRig_Sphere_solid.uexp" 630
"../../../Engine/Plugins/Animation/ControlRig/Content/Controls/ControlRig_Sphere_3mm.ubulk" 631
"../../../Engine/Plugins/Animation/ControlRig/Content/Controls/ControlRig_Sphere_3mm.uasset" 632
"../../../Engine/Plugins/Animation/ControlRig/Content/Controls/ControlRig_Sphere_3mm.uexp" 633
"../../../Engine/Plugins/Animation/ControlRig/Content/Controls/ControlRig_Sphere_1mm.ubulk" 634
"../../../Engine/Plugins/Animation/ControlRig/Content/Controls/ControlRig_Sphere_1mm.uasset" 635
"../../../Engine/Plugins/Animation/ControlRig/Content/Controls/ControlRig_Sphere_1mm.uexp" 636
"../../../Engine/Plugins/Animation/ControlRig/Content/Controls/ControlRig_RoundedTriangle_solid.ubulk" 637
"../../../Engine/Plugins/Animation/ControlRig/Content/Controls/ControlRig_RoundedTriangle_solid.uasset" 638
"../../../Engine/Plugins/Animation/ControlRig/Content/Controls/ControlRig_RoundedTriangle_solid.uexp" 639
"../../../Engine/Plugins/Animation/ControlRig/Content/Controls/ControlRig_RoundedTriangle_3mm.ubulk" 640
"../../../Engine/Plugins/Animation/ControlRig/Content/Controls/ControlRig_RoundedTriangle_3mm.uasset" 641
"../../../Engine/Plugins/Animation/ControlRig/Content/Controls/ControlRig_RoundedTriangle_3mm.uexp" 642
"../../../Engine/Plugins/Animation/ControlRig/Content/Controls/ControlRig_RoundedTriangle_1mm.ubulk" 643
"../../../Engine/Plugins/Animation/ControlRig/Content/Controls/ControlRig_RoundedTriangle_1mm.uasset" 644
"../../../Engine/Plugins/Animation/ControlRig/Content/Controls/ControlRig_RoundedTriangle_1mm.uexp" 645
"../../../Engine/Plugins/Animation/ControlRig/Content/Controls/ControlRig_RoundedSquare_solid.ubulk" 646
"../../../Engine/Plugins/Animation/ControlRig/Content/Controls/ControlRig_RoundedSquare_solid.uasset" 647
"../../../Engine/Plugins/Animation/ControlRig/Content/Controls/ControlRig_RoundedSquare_solid.uexp" 648
"../../../Engine/Plugins/Animation/ControlRig/Content/Controls/ControlRig_RoundedSquare_3mm.ubulk" 649
"../../../Engine/Plugins/Animation/ControlRig/Content/Controls/ControlRig_RoundedSquare_3mm.uasset" 650
"../../../Engine/Plugins/Animation/ControlRig/Content/Controls/ControlRig_RoundedSquare_3mm.uexp" 651
"../../../Engine/Plugins/Animation/ControlRig/Content/Controls/ControlRig_RoundedSquare_1mm.ubulk" 652
"../../../Engine/Plugins/Animation/ControlRig/Content/Controls/ControlRig_RoundedSquare_1mm.uasset" 653
"../../../Engine/Plugins/Animation/ControlRig/Content/Controls/ControlRig_RoundedSquare_1mm.uexp" 654
"../../../Engine/Plugins/Animation/ControlRig/Content/Controls/ControlRig_QuarterCircle_solid.ubulk" 655
"../../../Engine/Plugins/Animation/ControlRig/Content/Controls/ControlRig_QuarterCircle_solid.uasset" 656
"../../../Engine/Plugins/Animation/ControlRig/Content/Controls/ControlRig_QuarterCircle_solid.uexp" 657
"../../../Engine/Plugins/Animation/ControlRig/Content/Controls/ControlRig_QuarterCircle_3mm.ubulk" 658
"../../../Engine/Plugins/Animation/ControlRig/Content/Controls/ControlRig_QuarterCircle_3mm.uasset" 659
"../../../Engine/Plugins/Animation/ControlRig/Content/Controls/ControlRig_QuarterCircle_3mm.uexp" 660
"../../../Engine/Plugins/Animation/ControlRig/Content/Controls/ControlRig_QuarterCircle_1mm.ubulk" 661
"../../../Engine/Plugins/Animation/ControlRig/Content/Controls/ControlRig_QuarterCircle_1mm.uasset" 662
"../../../Engine/Plugins/Animation/ControlRig/Content/Controls/ControlRig_QuarterCircle_1mm.uexp" 663
"../../../Engine/Plugins/Animation/ControlRig/Content/Controls/ControlRig_Pyramid_solid.ubulk" 664
"../../../Engine/Plugins/Animation/ControlRig/Content/Controls/ControlRig_Pyramid_solid.uasset" 665
"../../../Engine/Plugins/Animation/ControlRig/Content/Controls/ControlRig_Pyramid_solid.uexp" 666
"../../../Engine/Plugins/Animation/ControlRig/Content/Controls/ControlRig_Pyramid_3mm.ubulk" 667
"../../../Engine/Plugins/Animation/ControlRig/Content/Controls/ControlRig_Pyramid_3mm.uasset" 668
"../../../Engine/Plugins/Animation/ControlRig/Content/Controls/ControlRig_Pyramid_3mm.uexp" 669
"../../../Engine/Plugins/Animation/ControlRig/Content/Controls/ControlRig_Pyramid_1mm.ubulk" 670
"../../../Engine/Plugins/Animation/ControlRig/Content/Controls/ControlRig_Pyramid_1mm.uasset" 671
"../../../Engine/Plugins/Animation/ControlRig/Content/Controls/ControlRig_Pyramid_1mm.uexp" 672
"../../../Engine/Plugins/Animation/ControlRig/Content/Controls/ControlRig_Octagon_solid.ubulk" 673
"../../../Engine/Plugins/Animation/ControlRig/Content/Controls/ControlRig_Octagon_solid.uasset" 674
"../../../Engine/Plugins/Animation/ControlRig/Content/Controls/ControlRig_Octagon_solid.uexp" 675
"../../../Engine/Plugins/Animation/ControlRig/Content/Controls/ControlRig_Octagon_3mm.ubulk" 676
"../../../Engine/Plugins/Animation/ControlRig/Content/Controls/ControlRig_Octagon_3mm.uasset" 677
"../../../Engine/Plugins/Animation/ControlRig/Content/Controls/ControlRig_Octagon_3mm.uexp" 678
"../../../Engine/Plugins/Animation/ControlRig/Content/Controls/ControlRig_Octagon_1mm.ubulk" 679
"../../../Engine/Plugins/Animation/ControlRig/Content/Controls/ControlRig_Octagon_1mm.uasset" 680
"../../../Engine/Plugins/Animation/ControlRig/Content/Controls/ControlRig_Octagon_1mm.uexp" 681
"../../../Engine/Plugins/Animation/ControlRig/Content/Controls/ControlRig_Hexagon_solid.ubulk" 682
"../../../Engine/Plugins/Animation/ControlRig/Content/Controls/ControlRig_Hexagon_solid.uasset" 683
"../../../Engine/Plugins/Animation/ControlRig/Content/Controls/ControlRig_Hexagon_solid.uexp" 684
"../../../Engine/Plugins/Animation/ControlRig/Content/Controls/ControlRig_Hexagon_3mm.ubulk" 685
"../../../Engine/Plugins/Animation/ControlRig/Content/Controls/ControlRig_Hexagon_3mm.uasset" 686
"../../../Engine/Plugins/Animation/ControlRig/Content/Controls/ControlRig_Hexagon_3mm.uexp" 687
"../../../Engine/Plugins/Animation/ControlRig/Content/Controls/ControlRig_Hexagon_1mm.ubulk" 688
"../../../Engine/Plugins/Animation/ControlRig/Content/Controls/ControlRig_Hexagon_1mm.uasset" 689
"../../../Engine/Plugins/Animation/ControlRig/Content/Controls/ControlRig_Hexagon_1mm.uexp" 690
"../../../Engine/Plugins/Animation/ControlRig/Content/Controls/ControlRig_HalfCircle_solid.ubulk" 691
"../../../Engine/Plugins/Animation/ControlRig/Content/Controls/ControlRig_HalfCircle_solid.uasset" 692
"../../../Engine/Plugins/Animation/ControlRig/Content/Controls/ControlRig_HalfCircle_solid.uexp" 693
"../../../Engine/Plugins/Animation/ControlRig/Content/Controls/ControlRig_HalfCircle_3mm.ubulk" 694
"../../../Engine/Plugins/Animation/ControlRig/Content/Controls/ControlRig_HalfCircle_3mm.uasset" 695
"../../../Engine/Plugins/Animation/ControlRig/Content/Controls/ControlRig_HalfCircle_3mm.uexp" 696
"../../../Engine/Plugins/Animation/ControlRig/Content/Controls/ControlRig_HalfCircle_1mm.ubulk" 697
"../../../Engine/Plugins/Animation/ControlRig/Content/Controls/ControlRig_HalfCircle_1mm.uasset" 698
"../../../Engine/Plugins/Animation/ControlRig/Content/Controls/ControlRig_HalfCircle_1mm.uexp" 699
"../../../Engine/Plugins/Animation/ControlRig/Content/Controls/ControlRig_Diamond_solid.ubulk" 700
"../../../Engine/Plugins/Animation/ControlRig/Content/Controls/ControlRig_Diamond_solid.uasset" 701
"../../../Engine/Plugins/Animation/ControlRig/Content/Controls/ControlRig_Diamond_solid.uexp" 702
"../../../Engine/Plugins/Animation/ControlRig/Content/Controls/ControlRig_Diamond_3mm.ubulk" 703
"../../../Engine/Plugins/Animation/ControlRig/Content/Controls/ControlRig_Diamond_3mm.uasset" 704
"../../../Engine/Plugins/Animation/ControlRig/Content/Controls/ControlRig_Diamond_3mm.uexp" 705
"../../../Engine/Plugins/Animation/ControlRig/Content/Controls/ControlRig_Diamond_1mm.ubulk" 706
"../../../Engine/Plugins/Animation/ControlRig/Content/Controls/ControlRig_Diamond_1mm.uasset" 707
"../../../Engine/Plugins/Animation/ControlRig/Content/Controls/ControlRig_Diamond_1mm.uexp" 708
"../../../Engine/Plugins/Animation/ControlRig/Content/Controls/ControlRig_Circle_solid.ubulk" 709
"../../../Engine/Plugins/Animation/ControlRig/Content/Controls/ControlRig_Circle_solid.uasset" 710
"../../../Engine/Plugins/Animation/ControlRig/Content/Controls/ControlRig_Circle_solid.uexp" 711
"../../../Engine/Plugins/Animation/ControlRig/Content/Controls/ControlRig_Circle_3mm.ubulk" 712
"../../../Engine/Plugins/Animation/ControlRig/Content/Controls/ControlRig_Circle_3mm.uasset" 713
"../../../Engine/Plugins/Animation/ControlRig/Content/Controls/ControlRig_Circle_3mm.uexp" 714
"../../../Engine/Plugins/Animation/ControlRig/Content/Controls/ControlRig_Circle_1mm.ubulk" 715
"../../../Engine/Plugins/Animation/ControlRig/Content/Controls/ControlRig_Circle_1mm.uasset" 716
"../../../Engine/Plugins/Animation/ControlRig/Content/Controls/ControlRig_Circle_1mm.uexp" 717
"../../../Engine/Plugins/Animation/ControlRig/Content/Controls/ControlRig_Box_solid.ubulk" 718
"../../../Engine/Plugins/Animation/ControlRig/Content/Controls/ControlRig_Box_solid.uasset" 719
"../../../Engine/Plugins/Animation/ControlRig/Content/Controls/ControlRig_Box_solid.uexp" 720
"../../../Engine/Plugins/Animation/ControlRig/Content/Controls/ControlRig_Box_3mm.ubulk" 721
"../../../Engine/Plugins/Animation/ControlRig/Content/Controls/ControlRig_Box_3mm.uasset" 722
"../../../Engine/Plugins/Animation/ControlRig/Content/Controls/ControlRig_Box_3mm.uexp" 723
"../../../Engine/Plugins/Animation/ControlRig/Content/Controls/ControlRig_Box_1mm.ubulk" 724
"../../../Engine/Plugins/Animation/ControlRig/Content/Controls/ControlRig_Box_1mm.uasset" 725
"../../../Engine/Plugins/Animation/ControlRig/Content/Controls/ControlRig_Box_1mm.uexp" 726
"../../../Engine/Plugins/Animation/ControlRig/Content/Controls/ControlRig_Arrow_solid.ubulk" 727
"../../../Engine/Plugins/Animation/ControlRig/Content/Controls/ControlRig_Arrow_solid.uasset" 728
"../../../Engine/Plugins/Animation/ControlRig/Content/Controls/ControlRig_Arrow_solid.uexp" 729
"../../../Engine/Plugins/Animation/ControlRig/Content/Controls/ControlRig_Arrow_3mm.ubulk" 730
"../../../Engine/Plugins/Animation/ControlRig/Content/Controls/ControlRig_Arrow_3mm.uasset" 731
"../../../Engine/Plugins/Animation/ControlRig/Content/Controls/ControlRig_Arrow_3mm.uexp" 732
"../../../Engine/Plugins/Animation/ControlRig/Content/Controls/ControlRig_Arrow_1mm.ubulk" 733
"../../../Engine/Plugins/Animation/ControlRig/Content/Controls/ControlRig_Arrow_1mm.uasset" 734
"../../../Engine/Plugins/Animation/ControlRig/Content/Controls/ControlRig_Arrow_1mm.uexp" 735
"../../../Engine/Plugins/Animation/ControlRig/Content/Controls/ControlRig_Arrow4_solid.ubulk" 736
"../../../Engine/Plugins/Animation/ControlRig/Content/Controls/ControlRig_Arrow4_solid.uasset" 737
"../../../Engine/Plugins/Animation/ControlRig/Content/Controls/ControlRig_Arrow4_solid.uexp" 738
"../../../Engine/Plugins/Animation/ControlRig/Content/Controls/ControlRig_Arrow4_3mm.ubulk" 739
"../../../Engine/Plugins/Animation/ControlRig/Content/Controls/ControlRig_Arrow4_3mm.uasset" 740
"../../../Engine/Plugins/Animation/ControlRig/Content/Controls/ControlRig_Arrow4_3mm.uexp" 741
"../../../Engine/Plugins/Animation/ControlRig/Content/Controls/ControlRig_Arrow4_1mm.ubulk" 742
"../../../Engine/Plugins/Animation/ControlRig/Content/Controls/ControlRig_Arrow4_1mm.uasset" 743
"../../../Engine/Plugins/Animation/ControlRig/Content/Controls/ControlRig_Arrow4_1mm.uexp" 744
"../../../Engine/Plugins/Animation/ControlRig/Content/Controls/ControlRig_Arrow2_solid.ubulk" 745
"../../../Engine/Plugins/Animation/ControlRig/Content/Controls/ControlRig_Arrow2_solid.uasset" 746
"../../../Engine/Plugins/Animation/ControlRig/Content/Controls/ControlRig_Arrow2_solid.uexp" 747
"../../../Engine/Plugins/Animation/ControlRig/Content/Controls/ControlRig_Arrow2_3mm.ubulk" 748
"../../../Engine/Plugins/Animation/ControlRig/Content/Controls/ControlRig_Arrow2_3mm.uasset" 749
"../../../Engine/Plugins/Animation/ControlRig/Content/Controls/ControlRig_Arrow2_3mm.uexp" 750
"../../../Engine/Plugins/Animation/ControlRig/Content/Controls/ControlRig_Arrow2_1mm.ubulk" 751
"../../../Engine/Plugins/Animation/ControlRig/Content/Controls/ControlRig_Arrow2_1mm.uasset" 752
"../../../Engine/Plugins/Animation/ControlRig/Content/Controls/ControlRig_Arrow2_1mm.uexp" 753
"../../../Engine/Content/EngineResources/WhiteSquareTexture.uasset" 754
"../../../Engine/Content/EngineResources/WhiteSquareTexture.uexp" 755
"../../../Engine/Content/EngineMaterials/Widget3DPassThrough.uasset" 756
"../../../Engine/Content/EngineMaterials/Widget3DPassThrough.uexp" 757
"../../../Engine/Content/EngineMaterials/Widget3DPassThrough_Translucent.uasset" 758
"../../../Engine/Content/EngineMaterials/Widget3DPassThrough_Translucent.uexp" 759
"../../../Engine/Content/EngineMaterials/Widget3DPassThrough_Translucent_OneSided.uasset" 760
"../../../Engine/Content/EngineMaterials/Widget3DPassThrough_Translucent_OneSided.uexp" 761
"../../../Engine/Content/EngineMaterials/Widget3DPassThrough_Opaque.uasset" 762
"../../../Engine/Content/EngineMaterials/Widget3DPassThrough_Opaque.uexp" 763
"../../../Engine/Content/EngineMaterials/Widget3DPassThrough_Opaque_OneSided.uasset" 764
"../../../Engine/Content/EngineMaterials/Widget3DPassThrough_Opaque_OneSided.uexp" 765
"../../../Engine/Content/EngineMaterials/Widget3DPassThrough_Masked_OneSided.uasset" 766
"../../../Engine/Content/EngineMaterials/Widget3DPassThrough_Masked_OneSided.uexp" 767
"../../../Engine/Content/EngineMaterials/Widget3DPassThrough_Masked.uasset" 768
"../../../Engine/Content/EngineMaterials/Widget3DPassThrough_Masked.uexp" 769
"../../../Engine/Content/EngineMaterials/WeightMapPlaceholderTexture.uasset" 770
"../../../Engine/Content/EngineMaterials/WeightMapPlaceholderTexture.uexp" 771
"../../../Engine/Content/EngineMaterials/WeightMapArrayPlaceholderTexture.uasset" 772
"../../../Engine/Content/EngineMaterials/WeightMapArrayPlaceholderTexture.uexp" 773
"../../../Engine/Content/EditorLandscapeResources/SplineEditorMeshMat.uasset" 774
"../../../Engine/Content/EditorLandscapeResources/SplineEditorMeshMat.uexp" 775
"../../../Engine/Content/EditorLandscapeResources/SplineEditorMesh.ubulk" 776
"../../../Engine/Content/EditorLandscapeResources/SplineEditorMesh.uasset" 777
"../../../Engine/Content/EditorLandscapeResources/SplineEditorMesh.uexp" 778
"../../../Engine/Content/EngineMaterials/DefaultMaterial.uasset" 779
"../../../Engine/Content/EngineMaterials/DefaultMaterial.uexp" 780
"../../../Engine/Content/BasicShapes/Sphere.ubulk" 781
"../../../Engine/Content/BasicShapes/Sphere.uasset" 782
"../../../Engine/Content/BasicShapes/Sphere.uexp" 783
"../../../Engine/Content/BasicShapes/Plane.ubulk" 784
"../../../Engine/Content/BasicShapes/Plane.uasset" 785
"../../../Engine/Content/BasicShapes/Plane.uexp" 786
"../../../Engine/Content/BasicShapes/Cylinder.ubulk" 787
"../../../Engine/Content/BasicShapes/Cylinder.uasset" 788
"../../../Engine/Content/BasicShapes/Cylinder.uexp" 789
"../../../Engine/Content/BasicShapes/Cube.ubulk" 790
"../../../Engine/Content/BasicShapes/Cube.uasset" 791
"../../../Engine/Content/BasicShapes/Cube.uexp" 792
"../../../Engine/Content/BasicShapes/Cone.ubulk" 793
"../../../Engine/Content/BasicShapes/Cone.uasset" 794
"../../../Engine/Content/BasicShapes/Cone.uexp" 795
"../../../Engine/Plugins/Interchange/Assets/Content/gltf/Textures/T_White_srgb.uasset" 796
"../../../Engine/Plugins/Interchange/Assets/Content/gltf/Textures/T_White_srgb.uexp" 797
"../../../Engine/Plugins/Interchange/Assets/Content/gltf/MaterialFunctions/MF_BaseColor.uasset" 798
"../../../Engine/Plugins/Interchange/Assets/Content/gltf/MaterialFunctions/MF_BaseColor.uexp" 799
"../../../Engine/Plugins/Interchange/Assets/Content/gltf/MaterialFunctions/MF_RotateV2.uasset" 800
"../../../Engine/Plugins/Interchange/Assets/Content/gltf/MaterialFunctions/MF_RotateV2.uexp" 801
"../../../Engine/Plugins/Interchange/Assets/Content/gltf/MaterialFunctions/MF_TransformUVs.uasset" 802
"../../../Engine/Plugins/Interchange/Assets/Content/gltf/MaterialFunctions/MF_TransformUVs.uexp" 803
"../../../Engine/Plugins/Interchange/Assets/Content/gltf/MaterialBodies/MF_Unlit_Body.uasset" 804
"../../../Engine/Plugins/Interchange/Assets/Content/gltf/MaterialBodies/MF_Unlit_Body.uexp" 805
"../../../Engine/Plugins/Interchange/Assets/Content/gltf/M_Unlit.uasset" 806
"../../../Engine/Plugins/Interchange/Assets/Content/gltf/M_Unlit.uexp" 807
"../../../Engine/Plugins/Interchange/Assets/Content/gltf/MaterialInstances/MI_Unlit_Opaque_DS.uasset" 808
"../../../Engine/Plugins/Interchange/Assets/Content/gltf/MaterialInstances/MI_Unlit_Opaque_DS.uexp" 809
"../../../Engine/Plugins/Interchange/Assets/Content/gltf/MaterialInstances/MI_Unlit_Opaque.uasset" 810
"../../../Engine/Plugins/Interchange/Assets/Content/gltf/MaterialInstances/MI_Unlit_Opaque.uexp" 811
"../../../Engine/Plugins/Interchange/Assets/Content/gltf/MaterialInstances/MI_Unlit_Mask_DS.uasset" 812
"../../../Engine/Plugins/Interchange/Assets/Content/gltf/MaterialInstances/MI_Unlit_Mask_DS.uexp" 813
"../../../Engine/Plugins/Interchange/Assets/Content/gltf/MaterialInstances/MI_Unlit_Mask.uasset" 814
"../../../Engine/Plugins/Interchange/Assets/Content/gltf/MaterialInstances/MI_Unlit_Mask.uexp" 815
"../../../Engine/Plugins/Interchange/Assets/Content/gltf/MaterialInstances/MI_Unlit_Blend_DS.uasset" 816
"../../../Engine/Plugins/Interchange/Assets/Content/gltf/MaterialInstances/MI_Unlit_Blend_DS.uexp" 817
"../../../Engine/Plugins/Interchange/Assets/Content/gltf/MaterialInstances/MI_Unlit_Blend.uasset" 818
"../../../Engine/Plugins/Interchange/Assets/Content/gltf/MaterialInstances/MI_Unlit_Blend.uexp" 819
"../../../Engine/Content/Functions/Engine_MaterialFunctions02/Math/Transform3x3Matrix.uasset" 820
"../../../Engine/Content/Functions/Engine_MaterialFunctions02/Math/Transform3x3Matrix.uexp" 821
"../../../Engine/Content/EngineMaterials/Good64x64TilingNoiseHighFreq.uasset" 822
"../../../Engine/Content/EngineMaterials/Good64x64TilingNoiseHighFreq.uexp" 823
"../../../Engine/Content/Functions/Engine_MaterialFunctions02/Texturing/ScreenAlignedPixelToPixelUVs.uasset" 824
"../../../Engine/Content/Functions/Engine_MaterialFunctions02/Texturing/ScreenAlignedPixelToPixelUVs.uexp" 825
"../../../Engine/Plugins/Interchange/Assets/Content/gltf/MaterialFunctions/MF_Temporal_Blur.uasset" 826
"../../../Engine/Plugins/Interchange/Assets/Content/gltf/MaterialFunctions/MF_Temporal_Blur.uexp" 827
"../../../Engine/Plugins/Interchange/Assets/Content/gltf/MaterialFunctions/MF_Specular.uasset" 828
"../../../Engine/Plugins/Interchange/Assets/Content/gltf/MaterialFunctions/MF_Specular.uexp" 829
"../../../Engine/Plugins/Interchange/Assets/Content/gltf/Textures/T_Anisotropy_Direction_Linear.uasset" 830
"../../../Engine/Plugins/Interchange/Assets/Content/gltf/Textures/T_Anisotropy_Direction_Linear.uexp" 831
"../../../Engine/Plugins/Interchange/Assets/Content/gltf/MaterialFunctions/MF_SpecularAnisotropy.uasset" 832
"../../../Engine/Plugins/Interchange/Assets/Content/gltf/MaterialFunctions/MF_SpecularAnisotropy.uexp" 833
"../../../Engine/Plugins/Interchange/Assets/Content/gltf/Textures/T_White_Linear.uasset" 834
"../../../Engine/Plugins/Interchange/Assets/Content/gltf/Textures/T_White_Linear.uexp" 835
"../../../Engine/Plugins/Interchange/Assets/Content/gltf/MaterialFunctions/MF_MetallicRoughness.uasset" 836
"../../../Engine/Plugins/Interchange/Assets/Content/gltf/MaterialFunctions/MF_MetallicRoughness.uexp" 837
"../../../Engine/Plugins/Interchange/Assets/Content/gltf/Textures/T_Generic_N.uasset" 838
"../../../Engine/Plugins/Interchange/Assets/Content/gltf/Textures/T_Generic_N.uexp" 839
"../../../Engine/Plugins/Interchange/Assets/Content/gltf/MaterialFunctions/MF_ScaleNormal.uasset" 840
"../../../Engine/Plugins/Interchange/Assets/Content/gltf/MaterialFunctions/MF_ScaleNormal.uexp" 841
"../../../Engine/Plugins/Interchange/Assets/Content/gltf/MaterialFunctions/MF_Fresnel_DS.uasset" 842
"../../../Engine/Plugins/Interchange/Assets/Content/gltf/MaterialFunctions/MF_Fresnel_DS.uexp" 843
"../../../Engine/Plugins/Interchange/Assets/Content/gltf/MaterialFunctions/MF_Iridescence.uasset" 844
"../../../Engine/Plugins/Interchange/Assets/Content/gltf/MaterialFunctions/MF_Iridescence.uexp" 845
"../../../Engine/Plugins/Interchange/Assets/Content/gltf/MaterialFunctions/MF_Occlusion.uasset" 846
"../../../Engine/Plugins/Interchange/Assets/Content/gltf/MaterialFunctions/MF_Occlusion.uexp" 847
"../../../Engine/Plugins/Interchange/Assets/Content/gltf/MaterialFunctions/MF_IOR.uasset" 848
"../../../Engine/Plugins/Interchange/Assets/Content/gltf/MaterialFunctions/MF_IOR.uexp" 849
"../../../Engine/Plugins/Interchange/Assets/Content/gltf/MaterialFunctions/MF_Transmission.uasset" 850
"../../../Engine/Plugins/Interchange/Assets/Content/gltf/MaterialFunctions/MF_Transmission.uexp" 851
"../../../Engine/Plugins/Interchange/Assets/Content/gltf/MaterialFunctions/MF_RotateNormals_TS.uasset" 852
"../../../Engine/Plugins/Interchange/Assets/Content/gltf/MaterialFunctions/MF_RotateNormals_TS.uexp" 853
"../../../Engine/Plugins/Interchange/Assets/Content/gltf/MaterialFunctions/MF_Normals.uasset" 854
"../../../Engine/Plugins/Interchange/Assets/Content/gltf/MaterialFunctions/MF_Normals.uexp" 855
"../../../Engine/Plugins/Interchange/Assets/Content/gltf/MaterialBodies/MF_Transmission_Body.uasset" 856
"../../../Engine/Plugins/Interchange/Assets/Content/gltf/MaterialBodies/MF_Transmission_Body.uexp" 857
"../../../Engine/Plugins/Interchange/Assets/Content/gltf/M_Transmission.uasset" 858
"../../../Engine/Plugins/Interchange/Assets/Content/gltf/M_Transmission.uexp" 859
"../../../Engine/Plugins/Interchange/Assets/Content/gltf/MaterialInstances/MI_Transmission_DS.uasset" 860
"../../../Engine/Plugins/Interchange/Assets/Content/gltf/MaterialInstances/MI_Transmission_DS.uexp" 861
"../../../Engine/Plugins/Interchange/Assets/Content/gltf/MaterialInstances/MI_Transmission.uasset" 862
"../../../Engine/Plugins/Interchange/Assets/Content/gltf/MaterialInstances/MI_Transmission.uexp" 863
"../../../Engine/Content/Functions/Engine_MaterialFunctions02/Math/AddComponents.uasset" 864
"../../../Engine/Content/Functions/Engine_MaterialFunctions02/Math/AddComponents.uexp" 865
"../../../Engine/Plugins/Interchange/Assets/Content/gltf/MaterialFunctions/MF_DiffuseSpecGloss.uasset" 866
"../../../Engine/Plugins/Interchange/Assets/Content/gltf/MaterialFunctions/MF_DiffuseSpecGloss.uexp" 867
"../../../Engine/Plugins/Interchange/Assets/Content/gltf/MaterialFunctions/MF_Emissive.uasset" 868
"../../../Engine/Plugins/Interchange/Assets/Content/gltf/MaterialFunctions/MF_Emissive.uexp" 869
"../../../Engine/Plugins/Interchange/Assets/Content/gltf/MaterialFunctions/MF_PerceivedBrightness.uasset" 870
"../../../Engine/Plugins/Interchange/Assets/Content/gltf/MaterialFunctions/MF_PerceivedBrightness.uexp" 871
"../../../Engine/Plugins/Interchange/Assets/Content/gltf/MaterialFunctions/MF_SpecGlossToMetalRoughness.uasset" 872
"../../../Engine/Plugins/Interchange/Assets/Content/gltf/MaterialFunctions/MF_SpecGlossToMetalRoughness.uexp" 873
"../../../Engine/Plugins/Interchange/Assets/Content/gltf/MaterialFunctions/MF_MaxComponentValue.uasset" 874
"../../../Engine/Plugins/Interchange/Assets/Content/gltf/MaterialFunctions/MF_MaxComponentValue.uexp" 875
"../../../Engine/Plugins/Interchange/Assets/Content/gltf/MaterialBodies/MF_SpecularGlossiness_Body.uasset" 876
"../../../Engine/Plugins/Interchange/Assets/Content/gltf/MaterialBodies/MF_SpecularGlossiness_Body.uexp" 877
"../../../Engine/Plugins/Interchange/Assets/Content/gltf/M_SpecularGlossiness.uasset" 878
"../../../Engine/Plugins/Interchange/Assets/Content/gltf/M_SpecularGlossiness.uexp" 879
"../../../Engine/Plugins/Interchange/Assets/Content/gltf/MaterialInstances/MI_SpecularGlossiness_Opaque_DS.uasset" 880
"../../../Engine/Plugins/Interchange/Assets/Content/gltf/MaterialInstances/MI_SpecularGlossiness_Opaque_DS.uexp" 881
"../../../Engine/Plugins/Interchange/Assets/Content/gltf/MaterialInstances/MI_SpecularGlossiness_Opaque.uasset" 882
"../../../Engine/Plugins/Interchange/Assets/Content/gltf/MaterialInstances/MI_SpecularGlossiness_Opaque.uexp" 883
"../../../Engine/Plugins/Interchange/Assets/Content/gltf/MaterialInstances/MI_SpecularGlossiness_Mask_DS.uasset" 884
"../../../Engine/Plugins/Interchange/Assets/Content/gltf/MaterialInstances/MI_SpecularGlossiness_Mask_DS.uexp" 885
"../../../Engine/Plugins/Interchange/Assets/Content/gltf/MaterialInstances/MI_SpecularGlossiness_Mask.uasset" 886
"../../../Engine/Plugins/Interchange/Assets/Content/gltf/MaterialInstances/MI_SpecularGlossiness_Mask.uexp" 887
"../../../Engine/Plugins/Interchange/Assets/Content/gltf/MaterialInstances/MI_SpecularGlossiness_Blend_DS.uasset" 888
"../../../Engine/Plugins/Interchange/Assets/Content/gltf/MaterialInstances/MI_SpecularGlossiness_Blend_DS.uexp" 889
"../../../Engine/Plugins/Interchange/Assets/Content/gltf/MaterialInstances/MI_SpecularGlossiness_Blend.uasset" 890
"../../../Engine/Plugins/Interchange/Assets/Content/gltf/MaterialInstances/MI_SpecularGlossiness_Blend.uexp" 891
"../../../Engine/Plugins/Interchange/Assets/Content/gltf/MaterialFunctions/MF_Sheen.uasset" 892
"../../../Engine/Plugins/Interchange/Assets/Content/gltf/MaterialFunctions/MF_Sheen.uexp" 893
"../../../Engine/Plugins/Interchange/Assets/Content/gltf/MaterialBodies/MF_Sheen_Body.uasset" 894
"../../../Engine/Plugins/Interchange/Assets/Content/gltf/MaterialBodies/MF_Sheen_Body.uexp" 895
"../../../Engine/Plugins/Interchange/Assets/Content/gltf/M_Sheen.uasset" 896
"../../../Engine/Plugins/Interchange/Assets/Content/gltf/M_Sheen.uexp" 897
"../../../Engine/Plugins/Interchange/Assets/Content/gltf/MaterialInstances/MI_Sheen_Opaque_DS.uasset" 898
"../../../Engine/Plugins/Interchange/Assets/Content/gltf/MaterialInstances/MI_Sheen_Opaque_DS.uexp" 899
"../../../Engine/Plugins/Interchange/Assets/Content/gltf/MaterialInstances/MI_Sheen_Opaque.uasset" 900
"../../../Engine/Plugins/Interchange/Assets/Content/gltf/MaterialInstances/MI_Sheen_Opaque.uexp" 901
"../../../Engine/Plugins/Interchange/Assets/Content/gltf/MaterialInstances/MI_Sheen_Mask_DS.uasset" 902
"../../../Engine/Plugins/Interchange/Assets/Content/gltf/MaterialInstances/MI_Sheen_Mask_DS.uexp" 903
"../../../Engine/Plugins/Interchange/Assets/Content/gltf/MaterialInstances/MI_Sheen_Mask.uasset" 904
"../../../Engine/Plugins/Interchange/Assets/Content/gltf/MaterialInstances/MI_Sheen_Mask.uexp" 905
"../../../Engine/Plugins/Interchange/Assets/Content/gltf/MaterialInstances/MI_Sheen_Blend_DS.uasset" 906
"../../../Engine/Plugins/Interchange/Assets/Content/gltf/MaterialInstances/MI_Sheen_Blend_DS.uexp" 907
"../../../Engine/Plugins/Interchange/Assets/Content/gltf/MaterialInstances/MI_Sheen_Blend.uasset" 908
"../../../Engine/Plugins/Interchange/Assets/Content/gltf/MaterialInstances/MI_Sheen_Blend.uexp" 909
"../../../Engine/Plugins/Interchange/Assets/Content/gltf/MaterialBodies/MF_Default_Body.uasset" 910
"../../../Engine/Plugins/Interchange/Assets/Content/gltf/MaterialBodies/MF_Default_Body.uexp" 911
"../../../Engine/Plugins/Interchange/Assets/Content/gltf/M_Default.uasset" 912
"../../../Engine/Plugins/Interchange/Assets/Content/gltf/M_Default.uexp" 913
"../../../Engine/Plugins/Interchange/Assets/Content/gltf/MaterialInstances/MI_Default_Opaque_DS.uasset" 914
"../../../Engine/Plugins/Interchange/Assets/Content/gltf/MaterialInstances/MI_Default_Opaque_DS.uexp" 915
"../../../Engine/Plugins/Interchange/Assets/Content/gltf/MaterialInstances/MI_Default_Opaque.uasset" 916
"../../../Engine/Plugins/Interchange/Assets/Content/gltf/MaterialInstances/MI_Default_Opaque.uexp" 917
"../../../Engine/Plugins/Interchange/Assets/Content/gltf/MaterialInstances/MI_Default_Mask_DS.uasset" 918
"../../../Engine/Plugins/Interchange/Assets/Content/gltf/MaterialInstances/MI_Default_Mask_DS.uexp" 919
"../../../Engine/Plugins/Interchange/Assets/Content/gltf/MaterialInstances/MI_Default_Mask.uasset" 920
"../../../Engine/Plugins/Interchange/Assets/Content/gltf/MaterialInstances/MI_Default_Mask.uexp" 921
"../../../Engine/Plugins/Interchange/Assets/Content/gltf/MaterialInstances/MI_Default_Blend_DS.uasset" 922
"../../../Engine/Plugins/Interchange/Assets/Content/gltf/MaterialInstances/MI_Default_Blend_DS.uexp" 923
"../../../Engine/Plugins/Interchange/Assets/Content/gltf/MaterialInstances/MI_Default_Blend.uasset" 924
"../../../Engine/Plugins/Interchange/Assets/Content/gltf/MaterialInstances/MI_Default_Blend.uexp" 925
"../../../Engine/Content/Functions/Engine_MaterialFunctions01/Texturing/FlattenNormal.uasset" 926
"../../../Engine/Content/Functions/Engine_MaterialFunctions01/Texturing/FlattenNormal.uexp" 927
"../../../Engine/Plugins/Interchange/Assets/Content/gltf/MaterialFunctions/MF_Clearcoat.uasset" 928
"../../../Engine/Plugins/Interchange/Assets/Content/gltf/MaterialFunctions/MF_Clearcoat.uexp" 929
"../../../Engine/Plugins/Interchange/Assets/Content/gltf/MaterialBodies/MF_ClearCoat_Body.uasset" 930
"../../../Engine/Plugins/Interchange/Assets/Content/gltf/MaterialBodies/MF_ClearCoat_Body.uexp" 931
"../../../Engine/Plugins/Interchange/Assets/Content/gltf/M_ClearCoat.uasset" 932
"../../../Engine/Plugins/Interchange/Assets/Content/gltf/M_ClearCoat.uexp" 933
"../../../Engine/Plugins/Interchange/Assets/Content/gltf/MaterialInstances/MI_ClearCoat_Opaque_DS.uasset" 934
"../../../Engine/Plugins/Interchange/Assets/Content/gltf/MaterialInstances/MI_ClearCoat_Opaque_DS.uexp" 935
"../../../Engine/Plugins/Interchange/Assets/Content/gltf/MaterialInstances/MI_ClearCoat_Opaque.uasset" 936
"../../../Engine/Plugins/Interchange/Assets/Content/gltf/MaterialInstances/MI_ClearCoat_Opaque.uexp" 937
"../../../Engine/Plugins/Interchange/Assets/Content/gltf/MaterialInstances/MI_ClearCoat_Mask_DS.uasset" 938
"../../../Engine/Plugins/Interchange/Assets/Content/gltf/MaterialInstances/MI_ClearCoat_Mask_DS.uexp" 939
"../../../Engine/Plugins/Interchange/Assets/Content/gltf/MaterialInstances/MI_ClearCoat_Mask.uasset" 940
"../../../Engine/Plugins/Interchange/Assets/Content/gltf/MaterialInstances/MI_ClearCoat_Mask.uexp" 941
"../../../Engine/Plugins/Interchange/Assets/Content/gltf/MaterialInstances/MI_ClearCoat_Blend_DS.uasset" 942
"../../../Engine/Plugins/Interchange/Assets/Content/gltf/MaterialInstances/MI_ClearCoat_Blend_DS.uexp" 943
"../../../Engine/Plugins/Interchange/Assets/Content/gltf/MaterialInstances/MI_ClearCoat_Blend.uasset" 944
"../../../Engine/Plugins/Interchange/Assets/Content/gltf/MaterialInstances/MI_ClearCoat_Blend.uexp" 945
"../../../Engine/Content/VREditor/TransformGizmo/Main.uasset" 946
"../../../Engine/Content/VREditor/TransformGizmo/Main.uexp" 947
"../../../Engine/Content/VREditor/TransformGizmo/Xray.uasset" 948
"../../../Engine/Content/VREditor/TransformGizmo/Xray.uexp" 949
"../../../Engine/Content/VREditor/TransformGizmo/SM_Sequencer_Node.ubulk" 950
"../../../Engine/Content/VREditor/TransformGizmo/SM_Sequencer_Node.uasset" 951
"../../../Engine/Content/VREditor/TransformGizmo/SM_Sequencer_Node.uexp" 952
"../../../Engine/Content/VREditor/LaserPointer/VR_LaserPower_01.ubulk" 953
"../../../Engine/Content/VREditor/LaserPointer/VR_LaserPower_01.uasset" 954
"../../../Engine/Content/VREditor/LaserPointer/VR_LaserPower_01.uexp" 955
"../../../Engine/Content/VREditor/TransformGizmo/TransformGizmoMaterial.uasset" 956
"../../../Engine/Content/VREditor/TransformGizmo/TransformGizmoMaterial.uexp" 957
"../../../Engine/Content/VREditor/TransformGizmo/TranslucentTransformGizmoMaterial.uasset" 958
"../../../Engine/Content/VREditor/TransformGizmo/TranslucentTransformGizmoMaterial.uexp" 959
"../../../Engine/Content/VREditor/TransformGizmo/BoundingBoxEdge.ubulk" 960
"../../../Engine/Content/VREditor/TransformGizmo/BoundingBoxEdge.uasset" 961
"../../../Engine/Content/VREditor/TransformGizmo/BoundingBoxEdge.uexp" 962
"../../../Engine/Content/VREditor/TransformGizmo/BoundingBoxCorner.ubulk" 963
"../../../Engine/Content/VREditor/TransformGizmo/BoundingBoxCorner.uasset" 964
"../../../Engine/Content/VREditor/TransformGizmo/BoundingBoxCorner.uexp" 965
"../../../Engine/Content/EngineSky/VolumetricClouds/T_CloudMask.ubulk" 966
"../../../Engine/Content/EngineSky/VolumetricClouds/T_CloudMask.uasset" 967
"../../../Engine/Content/EngineSky/VolumetricClouds/T_CloudMask.uexp" 968
"../../../Engine/Content/EngineSky/VolumetricClouds/VT_Lightning.uasset" 969
"../../../Engine/Content/EngineSky/VolumetricClouds/VT_Lightning.uexp" 970
"../../../Engine/Content/EngineSky/VolumetricClouds/T_Profile_08.ubulk" 971
"../../../Engine/Content/EngineSky/VolumetricClouds/T_Profile_08.uasset" 972
"../../../Engine/Content/EngineSky/VolumetricClouds/T_Profile_08.uexp" 973
"../../../Engine/Content/Functions/Engine_MaterialFunctions02/Utility/MakeFloat4.uasset" 974
"../../../Engine/Content/Functions/Engine_MaterialFunctions02/Utility/MakeFloat4.uexp" 975
"../../../Engine/Content/Functions/Engine_MaterialFunctions01/Units/Km-to-Cm.uasset" 976
"../../../Engine/Content/Functions/Engine_MaterialFunctions01/Units/Km-to-Cm.uexp" 977
"../../../Engine/Content/Functions/Engine_MaterialFunctions02/Utility/BreakOutFloat4Components.uasset" 978
"../../../Engine/Content/Functions/Engine_MaterialFunctions02/Utility/BreakOutFloat4Components.uexp" 979
"../../../Engine/Content/EngineSky/VolumetricClouds/T_CloudPattern.ubulk" 980
"../../../Engine/Content/EngineSky/VolumetricClouds/T_CloudPattern.uasset" 981
"../../../Engine/Content/EngineSky/VolumetricClouds/T_CloudPattern.uexp" 982
"../../../Engine/Content/EngineSky/VolumetricClouds/VT_PerlinWorley_Balanced.uasset" 983
"../../../Engine/Content/EngineSky/VolumetricClouds/VT_PerlinWorley_Balanced.uexp" 984
"../../../Engine/Content/EngineSky/VolumetricClouds/m_SimpleVolumetricCloud.uasset" 985
"../../../Engine/Content/EngineSky/VolumetricClouds/m_SimpleVolumetricCloud.uexp" 986
"../../../Engine/Content/EngineSky/VolumetricClouds/m_SimpleVolumetricCloud_Inst.uasset" 987
"../../../Engine/Content/EngineSky/VolumetricClouds/m_SimpleVolumetricCloud_Inst.uexp" 988
"../../../Engine/Content/EditorMaterials/Camera/CineMat.uasset" 989
"../../../Engine/Content/EditorMaterials/Camera/CineMat.uexp" 990
"../../../Engine/Content/EditorMaterials/Camera/MI_CineMat_Rig.uasset" 991
"../../../Engine/Content/EditorMaterials/Camera/MI_CineMat_Rig.uexp" 992
"../../../Engine/Content/EditorMeshes/Camera/SM_RailRig_Track.ubulk" 993
"../../../Engine/Content/EditorMeshes/Camera/SM_RailRig_Track.uasset" 994
"../../../Engine/Content/EditorMeshes/Camera/SM_RailRig_Track.uexp" 995
"../../../Engine/Content/EditorMeshes/Camera/SM_RailRig_Mount.ubulk" 996
"../../../Engine/Content/EditorMeshes/Camera/SM_RailRig_Mount.uasset" 997
"../../../Engine/Content/EditorMeshes/Camera/SM_RailRig_Mount.uexp" 998
"../../../Engine/Content/EditorMeshes/Camera/SM_CraneRig_Mount.ubulk" 999
"../../../Engine/Content/EditorMeshes/Camera/SM_CraneRig_Mount.uasset" 1000
"../../../Engine/Content/EditorMeshes/Camera/SM_CraneRig_Mount.uexp" 1001
"../../../Engine/Content/EditorMeshes/Camera/SM_CraneRig_Body.ubulk" 1002
"../../../Engine/Content/EditorMeshes/Camera/SM_CraneRig_Body.uasset" 1003
"../../../Engine/Content/EditorMeshes/Camera/SM_CraneRig_Body.uexp" 1004
"../../../Engine/Content/EditorMeshes/Camera/SM_CraneRig_Base.ubulk" 1005
"../../../Engine/Content/EditorMeshes/Camera/SM_CraneRig_Base.uasset" 1006
"../../../Engine/Content/EditorMeshes/Camera/SM_CraneRig_Base.uexp" 1007
"../../../Engine/Content/EditorMeshes/Camera/SM_CraneRig_Arm.ubulk" 1008
"../../../Engine/Content/EditorMeshes/Camera/SM_CraneRig_Arm.uasset" 1009
"../../../Engine/Content/EditorMeshes/Camera/SM_CraneRig_Arm.uexp" 1010
"../../../Engine/Content/EngineMaterials/Substrate/GLints2/AGlintTex2dArray2.uasset" 1011
"../../../Engine/Content/EngineMaterials/Substrate/GLints2/AGlintTex2dArray2.uexp" 1012
"../../../Engine/Content/EngineMaterials/Substrate/GLints/AGlintTex2dArray.uasset" 1013
"../../../Engine/Content/EngineMaterials/Substrate/GLints/AGlintTex2dArray.uexp" 1014
"../../../Engine/Content/ArtTools/RenderToTexture/Meshes/S_1_Unit_Plane.ubulk" 1015
"../../../Engine/Content/ArtTools/RenderToTexture/Meshes/S_1_Unit_Plane.uasset" 1016
"../../../Engine/Content/ArtTools/RenderToTexture/Meshes/S_1_Unit_Plane.uexp" 1017
"../../../Engine/Plugins/Animation/DeformerGraph/Content/Deformers/DG_LinearBlendSkin_Morph_Cloth_RecomputeNormals.uasset" 1018
"../../../Engine/Plugins/Animation/DeformerGraph/Content/Deformers/DG_LinearBlendSkin_Morph_Cloth_RecomputeNormals.uexp" 1019
"../../../Engine/Plugins/Animation/DeformerGraph/Content/Deformers/DG_LinearBlendSkin_Morph_Cloth.uasset" 1020
"../../../Engine/Plugins/Animation/DeformerGraph/Content/Deformers/DG_LinearBlendSkin_Morph_Cloth.uexp" 1021
"../../../Engine/Plugins/Animation/DeformerGraph/Content/DeformerFunctions/DG_Function_LinearBlendSkin_Morph_Cloth_PositionOnly.uasset" 1022
"../../../Engine/Plugins/Animation/DeformerGraph/Content/DeformerFunctions/DG_Function_LinearBlendSkin_Morph_Cloth_PositionOnly.uexp" 1023
"../../../Engine/Plugins/Animation/DeformerGraph/Content/DeformerFunctions/DG_Function_LinearBlendSkin_Morph_Cloth.uasset" 1024
"../../../Engine/Plugins/Animation/DeformerGraph/Content/DeformerFunctions/DG_Function_LinearBlendSkin_Morph_Cloth.uexp" 1025
"../../../Engine/Plugins/Animation/DeformerGraph/Content/DeformerFunctions/DG_Function_ComputeNormalsTangents.uasset" 1026
"../../../Engine/Plugins/Animation/DeformerGraph/Content/DeformerFunctions/DG_Function_ComputeNormalsTangents.uexp" 1027
"../../../Engine/Content/VREditor/TransformGizmo/StartRotationHandleIndicator.ubulk" 1028
"../../../Engine/Content/VREditor/TransformGizmo/StartRotationHandleIndicator.uasset" 1029
"../../../Engine/Content/VREditor/TransformGizmo/StartRotationHandleIndicator.uexp" 1030
"../../../Engine/Content/VREditor/Sounds/UI/Drop_Item_From_ContentBrowser.ubulk" 1031
"../../../Engine/Content/VREditor/Sounds/UI/Drop_Item_From_ContentBrowser.uasset" 1032
"../../../Engine/Content/VREditor/Sounds/UI/Drop_Item_From_ContentBrowser.uexp" 1033
"../../../Engine/Content/VREditor/TransformGizmo/PlaneTranslationHandle.ubulk" 1034
"../../../Engine/Content/VREditor/TransformGizmo/PlaneTranslationHandle.uasset" 1035
"../../../Engine/Content/VREditor/TransformGizmo/PlaneTranslationHandle.uexp" 1036
"../../../Engine/Content/VREditor/Sounds/UI/Object_Snaps_To_Grid.ubulk" 1037
"../../../Engine/Content/VREditor/Sounds/UI/Object_Snaps_To_Grid.uasset" 1038
"../../../Engine/Content/VREditor/Sounds/UI/Object_Snaps_To_Grid.uexp" 1039
"../../../Engine/Content/VREditor/Sounds/UI/Selection_Changes.ubulk" 1040
"../../../Engine/Content/VREditor/Sounds/UI/Selection_Changes.uasset" 1041
"../../../Engine/Content/VREditor/Sounds/UI/Selection_Changes.uexp" 1042
"../../../Engine/Content/VREditor/Sounds/UI/Object_Snaps_To_Another_Actor.ubulk" 1043
"../../../Engine/Content/VREditor/Sounds/UI/Object_Snaps_To_Another_Actor.uasset" 1044
"../../../Engine/Content/VREditor/Sounds/UI/Object_Snaps_To_Another_Actor.uexp" 1045
"../../../Engine/Content/VREditor/TransformGizmo/TranslucentTransformGizmoMaterial_Inst.uasset" 1046
"../../../Engine/Content/VREditor/TransformGizmo/TranslucentTransformGizmoMaterial_Inst.uexp" 1047
"../../../Engine/Content/VREditor/TransformGizmo/TransformGizmoFreeRotation.ubulk" 1048
"../../../Engine/Content/VREditor/TransformGizmo/TransformGizmoFreeRotation.uasset" 1049
"../../../Engine/Content/VREditor/TransformGizmo/TransformGizmoFreeRotation.uexp" 1050
"../../../Engine/Content/VREditor/Sounds/UI/Scaling_Down.ubulk" 1051
"../../../Engine/Content/VREditor/Sounds/UI/Scaling_Down.uasset" 1052
"../../../Engine/Content/VREditor/Sounds/UI/Scaling_Down.uexp" 1053
"../../../Engine/Content/Functions/Engine_MaterialFunctions02/SplitComponents.uasset" 1054
"../../../Engine/Content/Functions/Engine_MaterialFunctions02/SplitComponents.uexp" 1055
"../../../Engine/Content/VREditor/SnapGrid/SnapGridMaterial.uasset" 1056
"../../../Engine/Content/VREditor/SnapGrid/SnapGridMaterial.uexp" 1057
"../../../Engine/Content/VREditor/SnapGrid/SnapGridPlaneMesh.ubulk" 1058
"../../../Engine/Content/VREditor/SnapGrid/SnapGridPlaneMesh.uasset" 1059
"../../../Engine/Content/VREditor/SnapGrid/SnapGridPlaneMesh.uexp" 1060
"../../../Engine/Content/VREditor/Sounds/UI/Scaling_Up.ubulk" 1061
"../../../Engine/Content/VREditor/Sounds/UI/Scaling_Up.uasset" 1062
"../../../Engine/Content/VREditor/Sounds/UI/Scaling_Up.uexp" 1063
"../../../Engine/Content/VREditor/TransformGizmo/TransformGizmoMaterial_Inst.uasset" 1064
"../../../Engine/Content/VREditor/TransformGizmo/TransformGizmoMaterial_Inst.uexp" 1065
"../../../Engine/Content/VREditor/Sounds/UI/Gizmo_Handle_Clicked.ubulk" 1066
"../../../Engine/Content/VREditor/Sounds/UI/Gizmo_Handle_Clicked.uasset" 1067
"../../../Engine/Content/VREditor/Sounds/UI/Gizmo_Handle_Clicked.uexp" 1068
"../../../Engine/Content/VREditor/TransformGizmo/RotationHandleQuarter.ubulk" 1069
"../../../Engine/Content/VREditor/TransformGizmo/RotationHandleQuarter.uasset" 1070
"../../../Engine/Content/VREditor/TransformGizmo/RotationHandleQuarter.uexp" 1071
"../../../Engine/Content/VREditor/TransformGizmo/TranslateArrowHandle.ubulk" 1072
"../../../Engine/Content/VREditor/TransformGizmo/TranslateArrowHandle.uasset" 1073
"../../../Engine/Content/VREditor/TransformGizmo/TranslateArrowHandle.uexp" 1074
"../../../Engine/Content/VREditor/TransformGizmo/RotationHandleIndicator.ubulk" 1075
"../../../Engine/Content/VREditor/TransformGizmo/RotationHandleIndicator.uasset" 1076
"../../../Engine/Content/VREditor/TransformGizmo/RotationHandleIndicator.uexp" 1077
"../../../Engine/Content/VREditor/TransformGizmo/UniformScaleHandle.ubulk" 1078
"../../../Engine/Content/VREditor/TransformGizmo/UniformScaleHandle.uasset" 1079
"../../../Engine/Content/VREditor/TransformGizmo/UniformScaleHandle.uexp" 1080
"../../../Engine/Content/VREditor/TransformGizmo/RotationHandleFull.ubulk" 1081
"../../../Engine/Content/VREditor/TransformGizmo/RotationHandleFull.uasset" 1082
"../../../Engine/Content/VREditor/TransformGizmo/RotationHandleFull.uexp" 1083
"../../../Engine/Content/VREditor/Sounds/UI/Object_PickUp.ubulk" 1084
"../../../Engine/Content/VREditor/Sounds/UI/Object_PickUp.uasset" 1085
"../../../Engine/Content/VREditor/Sounds/UI/Object_PickUp.uexp" 1086
"../../../Engine/Content/EngineResources/LandscapeVisibilityLayerInfo.uasset" 1087
"../../../Engine/Content/EngineResources/LandscapeVisibilityLayerInfo.uexp" 1088
"E:/UE/Test1/Content/LevelPrototyping/Textures/T_GridChecker_A.ubulk" 1089
"E:/UE/Test1/Content/LevelPrototyping/Textures/T_GridChecker_A.uasset" 1090
"E:/UE/Test1/Content/LevelPrototyping/Textures/T_GridChecker_A.uexp" 1091
"../../../Engine/Content/Functions/Engine_MaterialFunctions01/Gradient/LinearGradient.uasset" 1092
"../../../Engine/Content/Functions/Engine_MaterialFunctions01/Gradient/LinearGradient.uexp" 1093
"../../../Engine/Content/Functions/Engine_MaterialFunctions01/ImageAdjustment/CheapContrast.uasset" 1094
"../../../Engine/Content/Functions/Engine_MaterialFunctions01/ImageAdjustment/CheapContrast.uexp" 1095
"E:/UE/Test1/Content/LevelPrototyping/Materials/MF_ProcGrid.uasset" 1096
"E:/UE/Test1/Content/LevelPrototyping/Materials/MF_ProcGrid.uexp" 1097
"E:/UE/Test1/Content/LevelPrototyping/Materials/M_PrototypeGrid.uasset" 1098
"E:/UE/Test1/Content/LevelPrototyping/Materials/M_PrototypeGrid.uexp" 1099
"E:/UE/Test1/Content/LevelPrototyping/Materials/MI_PrototypeGrid_Gray.uasset" 1100
"E:/UE/Test1/Content/LevelPrototyping/Materials/MI_PrototypeGrid_Gray.uexp" 1101
"E:/UE/Test1/Content/LevelPrototyping/Meshes/SM_QuarterCylinder.ubulk" 1102
"E:/UE/Test1/Content/LevelPrototyping/Meshes/SM_QuarterCylinder.uasset" 1103
"E:/UE/Test1/Content/LevelPrototyping/Meshes/SM_QuarterCylinder.uexp" 1104
"E:/UE/Test1/Content/LevelPrototyping/Materials/MI_PrototypeGrid_TopDark.uasset" 1105
"E:/UE/Test1/Content/LevelPrototyping/Materials/MI_PrototypeGrid_TopDark.uexp" 1106
"E:/UE/Test1/Content/LevelPrototyping/Meshes/SM_Cube.ubulk" 1107
"E:/UE/Test1/Content/LevelPrototyping/Meshes/SM_Cube.uasset" 1108
"E:/UE/Test1/Content/LevelPrototyping/Meshes/SM_Cube.uexp" 1109
"E:/UE/Test1/Content/LevelPrototyping/Materials/M_Solid.uasset" 1110
"E:/UE/Test1/Content/LevelPrototyping/Materials/M_Solid.uexp" 1111
"E:/UE/Test1/Content/LevelPrototyping/Materials/MI_Solid_Blue.uasset" 1112
"E:/UE/Test1/Content/LevelPrototyping/Materials/MI_Solid_Blue.uexp" 1113
"E:/UE/Test1/Content/LevelPrototyping/Meshes/SM_ChamferCube.ubulk" 1114
"E:/UE/Test1/Content/LevelPrototyping/Meshes/SM_ChamferCube.uasset" 1115
"E:/UE/Test1/Content/LevelPrototyping/Meshes/SM_ChamferCube.uexp" 1116
"E:/UE/Test1/Content/LevelPrototyping/Meshes/SM_Ramp.ubulk" 1117
"E:/UE/Test1/Content/LevelPrototyping/Meshes/SM_Ramp.uasset" 1118
"E:/UE/Test1/Content/LevelPrototyping/Meshes/SM_Ramp.uexp" 1119
"../../../Engine/Content/EngineSky/T_Sky_Stars.ubulk" 1120
"../../../Engine/Content/EngineSky/T_Sky_Stars.uasset" 1121
"../../../Engine/Content/EngineSky/T_Sky_Stars.uexp" 1122
"../../../Engine/Content/EngineSky/T_Sky_Clouds_M.ubulk" 1123
"../../../Engine/Content/EngineSky/T_Sky_Clouds_M.uasset" 1124
"../../../Engine/Content/EngineSky/T_Sky_Clouds_M.uexp" 1125
"../../../Engine/Content/EngineSky/T_Sky_Blue.ubulk" 1126
"../../../Engine/Content/EngineSky/T_Sky_Blue.uasset" 1127
"../../../Engine/Content/EngineSky/T_Sky_Blue.uexp" 1128
"../../../Engine/Content/EngineSky/M_Sky_Panning_Clouds2.uasset" 1129
"../../../Engine/Content/EngineSky/M_Sky_Panning_Clouds2.uexp" 1130
"../../../Engine/Content/EngineSky/SM_SkySphere.ubulk" 1131
"../../../Engine/Content/EngineSky/SM_SkySphere.uasset" 1132
"../../../Engine/Content/EngineSky/SM_SkySphere.uexp" 1133
"../../../Engine/Content/EngineSky/M_SimpleSkyDome.uasset" 1134
"../../../Engine/Content/EngineSky/M_SimpleSkyDome.uexp" 1135
"E:/UE/Test1/Content/FirstPerson/Blueprints/BP_FirstPersonGameMode.uasset" 1136
"E:/UE/Test1/Content/FirstPerson/Blueprints/BP_FirstPersonGameMode.uexp" 1137
"E:/UE/Test1/Content/FirstPerson/Maps/FirstPersonMap.uexp" 1138
"E:/UE/Test1/Content/FirstPerson/Maps/FirstPersonMap.umap" 1139
"../../../Engine/Content/Maps/Entry_BuiltData.uasset" 1140
"../../../Engine/Content/Maps/Entry_BuiltData.uexp" 1141
"../../../Engine/Content/Maps/Entry.uexp" 1142
"../../../Engine/Content/Maps/Entry.umap" 1143
